{"contracts/access/Ownable.sol":{"l":{"27":0,"28":0,"29":0,"36":0,"43":0,"44":0,"55":0,"56":0,"64":0,"65":0,"66":0},"path":"/home/kiwi/Work/Waifusion/uwucrew/contracts/access/Ownable.sol","s":{"1":0,"2":0,"3":0,"4":0,"5":0,"6":0,"7":0,"8":0,"9":0,"10":0},"b":{"1":[0,0],"2":[0,0]},"f":{"1":0,"2":0,"3":0,"4":0,"5":0},"fnMap":{"1":{"name":"constructor","line":26,"loc":{"start":{"line":26,"column":4},"end":{"line":30,"column":4}}},"2":{"name":"owner","line":35,"loc":{"start":{"line":35,"column":4},"end":{"line":37,"column":4}}},"3":{"name":"onlyOwner","line":42,"loc":{"start":{"line":42,"column":4},"end":{"line":45,"column":4}}},"4":{"name":"renounceOwnership","line":54,"loc":{"start":{"line":54,"column":4},"end":{"line":57,"column":4}}},"5":{"name":"transferOwnership","line":63,"loc":{"start":{"line":63,"column":4},"end":{"line":67,"column":4}}}},"statementMap":{"1":{"start":{"line":27,"column":8},"end":{"line":27,"column":40}},"2":{"start":{"line":28,"column":8},"end":{"line":28,"column":25}},"3":{"start":{"line":29,"column":8},"end":{"line":29,"column":56}},"4":{"start":{"line":36,"column":8},"end":{"line":36,"column":21}},"5":{"start":{"line":43,"column":8},"end":{"line":43,"column":75}},"6":{"start":{"line":55,"column":8},"end":{"line":55,"column":53}},"7":{"start":{"line":56,"column":8},"end":{"line":56,"column":26}},"8":{"start":{"line":64,"column":8},"end":{"line":64,"column":80}},"9":{"start":{"line":65,"column":8},"end":{"line":65,"column":51}},"10":{"start":{"line":66,"column":8},"end":{"line":66,"column":24}}},"branchMap":{"1":{"line":43,"type":"if","locations":[{"start":{"line":43,"column":8},"end":{"line":43,"column":8}},{"start":{"line":43,"column":8},"end":{"line":43,"column":8}}]},"2":{"line":64,"type":"if","locations":[{"start":{"line":64,"column":8},"end":{"line":64,"column":8}},{"start":{"line":64,"column":8},"end":{"line":64,"column":8}}]}}},"contracts/extensions/IERC721Metadata.sol":{"l":{},"path":"/home/kiwi/Work/Waifusion/uwucrew/contracts/extensions/IERC721Metadata.sol","s":{},"b":{},"f":{},"fnMap":{},"statementMap":{},"branchMap":{}},"contracts/template/PlainNFTMintDistro.sol":{"l":{"22":0,"23":0,"24":0,"28":0,"29":0,"30":0},"path":"/home/kiwi/Work/Waifusion/uwucrew/contracts/template/PlainNFTMintDistro.sol","s":{"1":0,"2":0,"3":0,"4":0,"5":0,"6":0},"b":{"1":[0,0],"2":[0,0],"3":[0,0]},"f":{"1":0,"2":0,"3":0},"fnMap":{"1":{"name":"constructor","line":18,"loc":{"start":{"line":18,"column":2},"end":{"line":19,"column":2}}},"2":{"name":"mint","line":21,"loc":{"start":{"line":21,"column":2},"end":{"line":25,"column":2}}},"3":{"name":"prepareSale","line":27,"loc":{"start":{"line":27,"column":2},"end":{"line":31,"column":2}}}},"statementMap":{"1":{"start":{"line":22,"column":4},"end":{"line":22,"column":54}},"2":{"start":{"line":23,"column":4},"end":{"line":23,"column":46}},"3":{"start":{"line":24,"column":4},"end":{"line":24,"column":31}},"4":{"start":{"line":28,"column":4},"end":{"line":28,"column":38}},"5":{"start":{"line":29,"column":4},"end":{"line":29,"column":31}},"6":{"start":{"line":30,"column":4},"end":{"line":30,"column":51}}},"branchMap":{"1":{"line":22,"type":"if","locations":[{"start":{"line":22,"column":4},"end":{"line":22,"column":4}},{"start":{"line":22,"column":4},"end":{"line":22,"column":4}}]},"2":{"line":23,"type":"if","locations":[{"start":{"line":23,"column":4},"end":{"line":23,"column":4}},{"start":{"line":23,"column":4},"end":{"line":23,"column":4}}]},"3":{"line":28,"type":"if","locations":[{"start":{"line":28,"column":4},"end":{"line":28,"column":4}},{"start":{"line":28,"column":4},"end":{"line":28,"column":4}}]}}},"contracts/template/WaveLockMintSale.sol":{"l":{"28":0,"29":0,"33":0,"34":0,"38":0,"39":0,"40":0,"42":0,"44":0,"45":0,"48":0,"49":0,"50":0,"51":0,"52":0,"56":0,"57":0,"59":0,"61":0,"62":0,"63":0,"68":0,"69":0,"70":0,"73":0,"74":0,"75":0,"80":0,"81":0,"82":0,"83":0,"88":0,"89":0,"91":0,"93":0,"95":0},"path":"/home/kiwi/Work/Waifusion/uwucrew/contracts/template/WaveLockMintSale.sol","s":{"1":0,"2":0,"3":0,"4":0,"5":0,"6":0,"7":0,"8":0,"9":0,"10":0,"11":0,"12":0,"13":0,"14":0,"15":0,"16":0,"17":0,"18":0,"19":0,"20":0,"21":0,"22":0,"23":0,"24":0,"25":0,"26":0,"27":0,"28":0,"29":0,"30":0,"31":0,"32":0,"33":0,"34":0,"35":0,"36":0,"37":0,"38":0},"b":{"1":[0,0],"2":[0,0],"3":[0,0],"4":[0,0],"5":[0,0],"6":[0,0],"7":[0,0],"8":[0,0],"9":[0,0],"10":[0,0],"11":[0,0],"12":[0,0],"13":[0,0],"14":[0,0],"15":[0,0]},"f":{"1":0,"2":0,"3":0,"4":0,"5":0,"6":0},"fnMap":{"1":{"name":"constructor","line":27,"loc":{"start":{"line":27,"column":2},"end":{"line":30,"column":2}}},"2":{"name":"loadSale","line":32,"loc":{"start":{"line":32,"column":2},"end":{"line":35,"column":2}}},"3":{"name":"buy","line":37,"loc":{"start":{"line":37,"column":2},"end":{"line":65,"column":2}}},"4":{"name":"mint","line":67,"loc":{"start":{"line":67,"column":2},"end":{"line":77,"column":2}}},"5":{"name":"refreshWave","line":79,"loc":{"start":{"line":79,"column":2},"end":{"line":85,"column":2}}},"6":{"name":"maxPerTX","line":87,"loc":{"start":{"line":87,"column":2},"end":{"line":97,"column":2}}}},"statementMap":{"1":{"start":{"line":28,"column":4},"end":{"line":28,"column":13}},"2":{"start":{"line":29,"column":4},"end":{"line":29,"column":27}},"3":{"start":{"line":33,"column":4},"end":{"line":33,"column":29}},"4":{"start":{"line":34,"column":4},"end":{"line":34,"column":24}},"5":{"start":{"line":38,"column":4},"end":{"line":38,"column":61}},"6":{"start":{"line":39,"column":4},"end":{"line":39,"column":38}},"7":{"start":{"line":40,"column":4},"end":{"line":40,"column":58}},"8":{"start":{"line":42,"column":4},"end":{"line":42,"column":16}},"9":{"start":{"line":44,"column":4},"end":{"line":44,"column":64}},"10":{"start":{"line":45,"column":4},"end":{"line":45,"column":41}},"11":{"start":{"line":48,"column":4},"end":{"line":48,"column":25}},"12":{"start":{"line":49,"column":4},"end":{"line":49,"column":1335}},"13":{"start":{"line":50,"column":6},"end":{"line":50,"column":56}},"14":{"start":{"line":51,"column":6},"end":{"line":51,"column":52}},"15":{"start":{"line":52,"column":6},"end":{"line":52,"column":28}},"16":{"start":{"line":56,"column":4},"end":{"line":56,"column":22}},"17":{"start":{"line":57,"column":4},"end":{"line":57,"column":31}},"18":{"start":{"line":59,"column":4},"end":{"line":59,"column":37}},"19":{"start":{"line":61,"column":4},"end":{"line":61,"column":1733}},"20":{"start":{"line":62,"column":6},"end":{"line":62,"column":68}},"21":{"start":{"line":63,"column":6},"end":{"line":63,"column":83}},"22":{"start":{"line":68,"column":4},"end":{"line":68,"column":21}},"23":{"start":{"line":69,"column":4},"end":{"line":69,"column":40}},"24":{"start":{"line":70,"column":4},"end":{"line":70,"column":31}},"25":{"start":{"line":73,"column":4},"end":{"line":73,"column":64}},"26":{"start":{"line":74,"column":4},"end":{"line":74,"column":2165}},"27":{"start":{"line":75,"column":6},"end":{"line":75,"column":52}},"28":{"start":{"line":80,"column":4},"end":{"line":80,"column":56}},"29":{"start":{"line":81,"column":4},"end":{"line":81,"column":54}},"30":{"start":{"line":82,"column":4},"end":{"line":82,"column":2423}},"31":{"start":{"line":83,"column":6},"end":{"line":83,"column":19}},"32":{"start":{"line":88,"column":4},"end":{"line":88,"column":2553}},"33":{"start":{"line":89,"column":6},"end":{"line":89,"column":14}},"34":{"start":{"line":90,"column":11},"end":{"line":90,"column":2598}},"35":{"start":{"line":91,"column":6},"end":{"line":91,"column":14}},"36":{"start":{"line":92,"column":11},"end":{"line":92,"column":2643}},"37":{"start":{"line":93,"column":6},"end":{"line":93,"column":15}},"38":{"start":{"line":95,"column":6},"end":{"line":95,"column":15}}},"branchMap":{"1":{"line":33,"type":"if","locations":[{"start":{"line":33,"column":4},"end":{"line":33,"column":4}},{"start":{"line":33,"column":4},"end":{"line":33,"column":4}}]},"2":{"line":38,"type":"if","locations":[{"start":{"line":38,"column":4},"end":{"line":38,"column":4}},{"start":{"line":38,"column":4},"end":{"line":38,"column":4}}]},"3":{"line":39,"type":"if","locations":[{"start":{"line":39,"column":4},"end":{"line":39,"column":4}},{"start":{"line":39,"column":4},"end":{"line":39,"column":4}}]},"4":{"line":40,"type":"if","locations":[{"start":{"line":40,"column":4},"end":{"line":40,"column":4}},{"start":{"line":40,"column":4},"end":{"line":40,"column":4}}]},"5":{"line":44,"type":"if","locations":[{"start":{"line":44,"column":4},"end":{"line":44,"column":4}},{"start":{"line":44,"column":4},"end":{"line":44,"column":4}}]},"6":{"line":45,"type":"if","locations":[{"start":{"line":45,"column":4},"end":{"line":45,"column":4}},{"start":{"line":45,"column":4},"end":{"line":45,"column":4}}]},"7":{"line":49,"type":"if","locations":[{"start":{"line":49,"column":4},"end":{"line":49,"column":4}},{"start":{"line":49,"column":4},"end":{"line":49,"column":4}}]},"8":{"line":61,"type":"if","locations":[{"start":{"line":61,"column":4},"end":{"line":61,"column":4}},{"start":{"line":61,"column":4},"end":{"line":61,"column":4}}]},"9":{"line":63,"type":"if","locations":[{"start":{"line":63,"column":6},"end":{"line":63,"column":6}},{"start":{"line":63,"column":6},"end":{"line":63,"column":6}}]},"10":{"line":68,"type":"if","locations":[{"start":{"line":68,"column":4},"end":{"line":68,"column":4}},{"start":{"line":68,"column":4},"end":{"line":68,"column":4}}]},"11":{"line":69,"type":"if","locations":[{"start":{"line":69,"column":4},"end":{"line":69,"column":4}},{"start":{"line":69,"column":4},"end":{"line":69,"column":4}}]},"12":{"line":82,"type":"if","locations":[{"start":{"line":82,"column":4},"end":{"line":82,"column":4}},{"start":{"line":82,"column":4},"end":{"line":82,"column":4}}]},"13":{"line":88,"type":"if","locations":[{"start":{"line":88,"column":4},"end":{"line":88,"column":4}},{"start":{"line":88,"column":4},"end":{"line":88,"column":4}}]},"14":{"line":90,"type":"if","locations":[{"start":{"line":90,"column":11},"end":{"line":90,"column":11}},{"start":{"line":90,"column":11},"end":{"line":90,"column":11}}]},"15":{"line":92,"type":"if","locations":[{"start":{"line":92,"column":11},"end":{"line":92,"column":11}},{"start":{"line":92,"column":11},"end":{"line":92,"column":11}}]}}},"contracts/tokens/ERC721.sol":{"l":{"47":0,"48":0,"55":0,"65":0,"66":0,"73":0,"74":0,"75":0,"82":0,"89":0,"96":0,"98":0,"99":0,"108":0,"115":0,"116":0,"118":0,"123":0,"130":0,"132":0,"139":0,"141":0,"142":0,"149":0,"161":0,"163":0,"174":0,"186":0,"187":0,"214":0,"215":0,"227":0,"238":0,"239":0,"240":0,"254":0,"266":0,"267":0,"286":0,"287":0,"289":0,"291":0,"292":0,"294":0,"308":0,"310":0,"313":0,"315":0,"316":0,"318":0,"337":0,"338":0,"340":0,"343":0,"345":0,"346":0,"347":0,"349":0,"358":0,"359":0,"378":0,"379":0,"380":0,"382":0,"383":0,"385":0,"391":0},"path":"/home/kiwi/Work/Waifusion/uwucrew/contracts/tokens/ERC721.sol","s":{"1":0,"2":0,"3":0,"4":0,"5":0,"6":0,"7":0,"8":0,"9":0,"10":0,"11":0,"12":0,"13":0,"14":0,"15":0,"16":0,"17":0,"18":0,"19":0,"20":0,"21":0,"22":0,"23":0,"24":0,"25":0,"26":0,"27":0,"28":0,"29":0,"30":0,"31":0,"32":0,"33":0,"34":0,"35":0,"36":0,"37":0,"38":0,"39":0,"40":0,"41":0,"42":0,"43":0,"44":0,"45":0,"46":0,"47":0,"48":0,"49":0,"50":0,"51":0,"52":0,"53":0,"54":0,"55":0,"56":0,"57":0,"58":0,"59":0,"60":0,"61":0,"62":0,"63":0,"64":0,"65":0},"b":{"1":[0,0],"2":[0,0],"3":[0,0],"4":[0,0],"5":[0,0],"6":[0,0],"7":[0,0],"8":[0,0],"9":[0,0],"10":[0,0],"11":[0,0],"12":[0,0],"13":[0,0],"14":[0,0],"15":[0,0],"16":[0,0],"17":[0,0],"18":[0,0]},"f":{"1":0,"2":0,"3":0,"4":0,"5":0,"6":0,"7":0,"8":0,"9":0,"10":0,"11":0,"12":0,"13":0,"14":0,"15":0,"16":0,"17":0,"18":0,"19":0,"20":0,"21":0,"22":0,"23":0,"24":0,"25":0,"26":0},"fnMap":{"1":{"name":"constructor","line":46,"loc":{"start":{"line":46,"column":4},"end":{"line":49,"column":4}}},"2":{"name":"supportsInterface","line":54,"loc":{"start":{"line":54,"column":4},"end":{"line":59,"column":4}}},"3":{"name":"balanceOf","line":64,"loc":{"start":{"line":64,"column":4},"end":{"line":67,"column":4}}},"4":{"name":"ownerOf","line":72,"loc":{"start":{"line":72,"column":4},"end":{"line":76,"column":4}}},"5":{"name":"name","line":81,"loc":{"start":{"line":81,"column":4},"end":{"line":83,"column":4}}},"6":{"name":"symbol","line":88,"loc":{"start":{"line":88,"column":4},"end":{"line":90,"column":4}}},"7":{"name":"tokenURI","line":95,"loc":{"start":{"line":95,"column":4},"end":{"line":100,"column":4}}},"8":{"name":"_baseURI","line":107,"loc":{"start":{"line":107,"column":4},"end":{"line":109,"column":4}}},"9":{"name":"approve","line":114,"loc":{"start":{"line":114,"column":4},"end":{"line":124,"column":4}}},"10":{"name":"getApproved","line":129,"loc":{"start":{"line":129,"column":4},"end":{"line":133,"column":4}}},"11":{"name":"setApprovalForAll","line":138,"loc":{"start":{"line":138,"column":4},"end":{"line":143,"column":4}}},"12":{"name":"isApprovedForAll","line":148,"loc":{"start":{"line":148,"column":4},"end":{"line":150,"column":4}}},"13":{"name":"transferFrom","line":155,"loc":{"start":{"line":155,"column":4},"end":{"line":164,"column":4}}},"14":{"name":"safeTransferFrom","line":169,"loc":{"start":{"line":169,"column":4},"end":{"line":175,"column":4}}},"15":{"name":"safeTransferFrom","line":180,"loc":{"start":{"line":180,"column":4},"end":{"line":188,"column":4}}},"16":{"name":"_safeTransfer","line":208,"loc":{"start":{"line":208,"column":4},"end":{"line":216,"column":4}}},"17":{"name":"_exists","line":226,"loc":{"start":{"line":226,"column":4},"end":{"line":228,"column":4}}},"18":{"name":"_isApprovedOrOwner","line":237,"loc":{"start":{"line":237,"column":4},"end":{"line":241,"column":4}}},"19":{"name":"_safeMint","line":253,"loc":{"start":{"line":253,"column":4},"end":{"line":255,"column":4}}},"20":{"name":"_safeMint","line":261,"loc":{"start":{"line":261,"column":4},"end":{"line":271,"column":4}}},"21":{"name":"_mint","line":285,"loc":{"start":{"line":285,"column":4},"end":{"line":295,"column":4}}},"22":{"name":"_burn","line":307,"loc":{"start":{"line":307,"column":4},"end":{"line":319,"column":4}}},"23":{"name":"_transfer","line":332,"loc":{"start":{"line":332,"column":4},"end":{"line":350,"column":4}}},"24":{"name":"_approve","line":357,"loc":{"start":{"line":357,"column":4},"end":{"line":360,"column":4}}},"25":{"name":"_checkOnERC721Received","line":372,"loc":{"start":{"line":372,"column":4},"end":{"line":393,"column":4}}},"26":{"name":"_beforeTokenTransfer","line":409,"loc":{"start":{"line":409,"column":4},"end":{"line":413,"column":24}}}},"statementMap":{"1":{"start":{"line":47,"column":8},"end":{"line":47,"column":20}},"2":{"start":{"line":48,"column":8},"end":{"line":48,"column":24}},"3":{"start":{"line":55,"column":8},"end":{"line":55,"column":1749}},"4":{"start":{"line":65,"column":8},"end":{"line":65,"column":81}},"5":{"start":{"line":66,"column":8},"end":{"line":66,"column":31}},"6":{"start":{"line":73,"column":8},"end":{"line":73,"column":40}},"7":{"start":{"line":74,"column":8},"end":{"line":74,"column":80}},"8":{"start":{"line":75,"column":8},"end":{"line":75,"column":20}},"9":{"start":{"line":82,"column":8},"end":{"line":82,"column":20}},"10":{"start":{"line":89,"column":8},"end":{"line":89,"column":22}},"11":{"start":{"line":96,"column":8},"end":{"line":96,"column":83}},"12":{"start":{"line":98,"column":8},"end":{"line":98,"column":42}},"13":{"start":{"line":99,"column":8},"end":{"line":99,"column":101}},"14":{"start":{"line":108,"column":8},"end":{"line":108,"column":17}},"15":{"start":{"line":115,"column":8},"end":{"line":115,"column":47}},"16":{"start":{"line":116,"column":8},"end":{"line":116,"column":64}},"17":{"start":{"line":118,"column":8},"end":{"line":118,"column":3755}},"18":{"start":{"line":123,"column":8},"end":{"line":123,"column":28}},"19":{"start":{"line":130,"column":8},"end":{"line":130,"column":80}},"20":{"start":{"line":132,"column":8},"end":{"line":132,"column":39}},"21":{"start":{"line":139,"column":8},"end":{"line":139,"column":69}},"22":{"start":{"line":141,"column":8},"end":{"line":141,"column":60}},"23":{"start":{"line":142,"column":8},"end":{"line":142,"column":61}},"24":{"start":{"line":149,"column":8},"end":{"line":149,"column":50}},"25":{"start":{"line":161,"column":8},"end":{"line":161,"column":110}},"26":{"start":{"line":163,"column":8},"end":{"line":163,"column":35}},"27":{"start":{"line":174,"column":8},"end":{"line":174,"column":46}},"28":{"start":{"line":186,"column":8},"end":{"line":186,"column":110}},"29":{"start":{"line":187,"column":8},"end":{"line":187,"column":46}},"30":{"start":{"line":214,"column":8},"end":{"line":214,"column":35}},"31":{"start":{"line":215,"column":8},"end":{"line":215,"column":118}},"32":{"start":{"line":227,"column":8},"end":{"line":227,"column":45}},"33":{"start":{"line":238,"column":8},"end":{"line":238,"column":80}},"34":{"start":{"line":239,"column":8},"end":{"line":239,"column":47}},"35":{"start":{"line":240,"column":8},"end":{"line":240,"column":104}},"36":{"start":{"line":254,"column":8},"end":{"line":254,"column":33}},"37":{"start":{"line":266,"column":8},"end":{"line":266,"column":25}},"38":{"start":{"line":267,"column":8},"end":{"line":267,"column":8756}},"39":{"start":{"line":286,"column":8},"end":{"line":286,"column":68}},"40":{"start":{"line":287,"column":8},"end":{"line":287,"column":65}},"41":{"start":{"line":289,"column":8},"end":{"line":289,"column":52}},"42":{"start":{"line":291,"column":8},"end":{"line":291,"column":25}},"43":{"start":{"line":292,"column":8},"end":{"line":292,"column":28}},"44":{"start":{"line":294,"column":8},"end":{"line":294,"column":46}},"45":{"start":{"line":308,"column":8},"end":{"line":308,"column":47}},"46":{"start":{"line":310,"column":8},"end":{"line":310,"column":55}},"47":{"start":{"line":313,"column":8},"end":{"line":313,"column":36}},"48":{"start":{"line":315,"column":8},"end":{"line":315,"column":28}},"49":{"start":{"line":318,"column":8},"end":{"line":318,"column":49}},"50":{"start":{"line":337,"column":8},"end":{"line":337,"column":92}},"51":{"start":{"line":338,"column":8},"end":{"line":338,"column":72}},"52":{"start":{"line":340,"column":8},"end":{"line":340,"column":46}},"53":{"start":{"line":343,"column":8},"end":{"line":343,"column":36}},"54":{"start":{"line":345,"column":8},"end":{"line":345,"column":27}},"55":{"start":{"line":346,"column":8},"end":{"line":346,"column":25}},"56":{"start":{"line":347,"column":8},"end":{"line":347,"column":28}},"57":{"start":{"line":349,"column":8},"end":{"line":349,"column":40}},"58":{"start":{"line":358,"column":8},"end":{"line":358,"column":36}},"59":{"start":{"line":359,"column":8},"end":{"line":359,"column":59}},"60":{"start":{"line":378,"column":8},"end":{"line":378,"column":12058}},"61":{"start":{"line":379,"column":12},"end":{"line":379,"column":12097}},"62":{"start":{"line":380,"column":16},"end":{"line":380,"column":74}},"63":{"start":{"line":382,"column":16},"end":{"line":382,"column":12340}},"64":{"start":{"line":383,"column":20},"end":{"line":383,"column":79}},"65":{"start":{"line":391,"column":12},"end":{"line":391,"column":23}}},"branchMap":{"1":{"line":65,"type":"if","locations":[{"start":{"line":65,"column":8},"end":{"line":65,"column":8}},{"start":{"line":65,"column":8},"end":{"line":65,"column":8}}]},"2":{"line":74,"type":"if","locations":[{"start":{"line":74,"column":8},"end":{"line":74,"column":8}},{"start":{"line":74,"column":8},"end":{"line":74,"column":8}}]},"3":{"line":96,"type":"if","locations":[{"start":{"line":96,"column":8},"end":{"line":96,"column":8}},{"start":{"line":96,"column":8},"end":{"line":96,"column":8}}]},"4":{"line":116,"type":"if","locations":[{"start":{"line":116,"column":8},"end":{"line":116,"column":8}},{"start":{"line":116,"column":8},"end":{"line":116,"column":8}}]},"5":{"line":118,"type":"if","locations":[{"start":{"line":118,"column":8},"end":{"line":118,"column":8}},{"start":{"line":118,"column":8},"end":{"line":118,"column":8}}]},"6":{"line":130,"type":"if","locations":[{"start":{"line":130,"column":8},"end":{"line":130,"column":8}},{"start":{"line":130,"column":8},"end":{"line":130,"column":8}}]},"7":{"line":139,"type":"if","locations":[{"start":{"line":139,"column":8},"end":{"line":139,"column":8}},{"start":{"line":139,"column":8},"end":{"line":139,"column":8}}]},"8":{"line":161,"type":"if","locations":[{"start":{"line":161,"column":8},"end":{"line":161,"column":8}},{"start":{"line":161,"column":8},"end":{"line":161,"column":8}}]},"9":{"line":186,"type":"if","locations":[{"start":{"line":186,"column":8},"end":{"line":186,"column":8}},{"start":{"line":186,"column":8},"end":{"line":186,"column":8}}]},"10":{"line":215,"type":"if","locations":[{"start":{"line":215,"column":8},"end":{"line":215,"column":8}},{"start":{"line":215,"column":8},"end":{"line":215,"column":8}}]},"11":{"line":238,"type":"if","locations":[{"start":{"line":238,"column":8},"end":{"line":238,"column":8}},{"start":{"line":238,"column":8},"end":{"line":238,"column":8}}]},"12":{"line":267,"type":"if","locations":[{"start":{"line":267,"column":8},"end":{"line":267,"column":8}},{"start":{"line":267,"column":8},"end":{"line":267,"column":8}}]},"13":{"line":286,"type":"if","locations":[{"start":{"line":286,"column":8},"end":{"line":286,"column":8}},{"start":{"line":286,"column":8},"end":{"line":286,"column":8}}]},"14":{"line":287,"type":"if","locations":[{"start":{"line":287,"column":8},"end":{"line":287,"column":8}},{"start":{"line":287,"column":8},"end":{"line":287,"column":8}}]},"15":{"line":337,"type":"if","locations":[{"start":{"line":337,"column":8},"end":{"line":337,"column":8}},{"start":{"line":337,"column":8},"end":{"line":337,"column":8}}]},"16":{"line":338,"type":"if","locations":[{"start":{"line":338,"column":8},"end":{"line":338,"column":8}},{"start":{"line":338,"column":8},"end":{"line":338,"column":8}}]},"17":{"line":378,"type":"if","locations":[{"start":{"line":378,"column":8},"end":{"line":378,"column":8}},{"start":{"line":378,"column":8},"end":{"line":378,"column":8}}]},"18":{"line":382,"type":"if","locations":[{"start":{"line":382,"column":16},"end":{"line":382,"column":16}},{"start":{"line":382,"column":16},"end":{"line":382,"column":16}}]}}},"contracts/tokens/ERC721Enumerable.sol":{"l":{"30":0,"37":0,"38":0,"45":0,"52":0,"53":0,"76":0,"78":0,"79":0,"81":0,"83":0,"84":0,"86":0,"96":0,"97":0,"98":0,"106":0,"107":0,"122":0,"123":0,"126":0,"127":0,"129":0,"130":0,"134":0,"135":0,"147":0,"148":0,"153":0,"155":0,"156":0,"159":0,"160":0},"path":"/home/kiwi/Work/Waifusion/uwucrew/contracts/tokens/ERC721Enumerable.sol","s":{"1":0,"2":0,"3":0,"4":0,"5":0,"6":0,"7":0,"8":0,"9":0,"10":0,"11":0,"12":0,"13":0,"14":0,"15":0,"16":0,"17":0,"18":0,"19":0,"20":0,"21":0,"22":0,"23":0,"24":0,"25":0,"26":0,"27":0,"28":0,"29":0,"30":0,"31":0,"32":0},"b":{"1":[0,0],"2":[0,0],"3":[0,0],"4":[0,0],"5":[0,0],"6":[0,0],"7":[0,0]},"f":{"1":0,"2":0,"3":0,"4":0,"5":0,"6":0,"7":0,"8":0,"9":0},"fnMap":{"1":{"name":"supportsInterface","line":29,"loc":{"start":{"line":29,"column":4},"end":{"line":31,"column":4}}},"2":{"name":"tokenOfOwnerByIndex","line":36,"loc":{"start":{"line":36,"column":4},"end":{"line":39,"column":4}}},"3":{"name":"totalSupply","line":44,"loc":{"start":{"line":44,"column":4},"end":{"line":46,"column":4}}},"4":{"name":"tokenByIndex","line":51,"loc":{"start":{"line":51,"column":4},"end":{"line":54,"column":4}}},"5":{"name":"_beforeTokenTransfer","line":71,"loc":{"start":{"line":71,"column":4},"end":{"line":88,"column":4}}},"6":{"name":"_addTokenToOwnerEnumeration","line":95,"loc":{"start":{"line":95,"column":4},"end":{"line":99,"column":4}}},"7":{"name":"_addTokenToAllTokensEnumeration","line":105,"loc":{"start":{"line":105,"column":4},"end":{"line":108,"column":4}}},"8":{"name":"_removeTokenFromOwnerEnumeration","line":118,"loc":{"start":{"line":118,"column":4},"end":{"line":136,"column":4}}},"9":{"name":"_removeTokenFromAllTokensEnumeration","line":143,"loc":{"start":{"line":143,"column":4},"end":{"line":161,"column":4}}}},"statementMap":{"1":{"start":{"line":30,"column":8},"end":{"line":30,"column":105}},"2":{"start":{"line":37,"column":8},"end":{"line":37,"column":94}},"3":{"start":{"line":38,"column":8},"end":{"line":38,"column":41}},"4":{"start":{"line":45,"column":8},"end":{"line":45,"column":32}},"5":{"start":{"line":52,"column":8},"end":{"line":52,"column":102}},"6":{"start":{"line":53,"column":8},"end":{"line":53,"column":32}},"7":{"start":{"line":76,"column":8},"end":{"line":76,"column":52}},"8":{"start":{"line":78,"column":8},"end":{"line":78,"column":2747}},"9":{"start":{"line":79,"column":12},"end":{"line":79,"column":51}},"10":{"start":{"line":80,"column":15},"end":{"line":80,"column":2842}},"11":{"start":{"line":81,"column":12},"end":{"line":81,"column":58}},"12":{"start":{"line":83,"column":8},"end":{"line":83,"column":2939}},"13":{"start":{"line":84,"column":12},"end":{"line":84,"column":56}},"14":{"start":{"line":85,"column":15},"end":{"line":85,"column":3037}},"15":{"start":{"line":86,"column":12},"end":{"line":86,"column":51}},"16":{"start":{"line":96,"column":8},"end":{"line":96,"column":45}},"17":{"start":{"line":97,"column":8},"end":{"line":97,"column":41}},"18":{"start":{"line":98,"column":8},"end":{"line":98,"column":42}},"19":{"start":{"line":106,"column":8},"end":{"line":106,"column":51}},"20":{"start":{"line":107,"column":8},"end":{"line":107,"column":31}},"21":{"start":{"line":122,"column":8},"end":{"line":122,"column":59}},"22":{"start":{"line":123,"column":8},"end":{"line":123,"column":55}},"23":{"start":{"line":126,"column":8},"end":{"line":126,"column":5078}},"24":{"start":{"line":127,"column":12},"end":{"line":127,"column":68}},"25":{"start":{"line":129,"column":12},"end":{"line":129,"column":55}},"26":{"start":{"line":130,"column":12},"end":{"line":130,"column":54}},"27":{"start":{"line":147,"column":8},"end":{"line":147,"column":54}},"28":{"start":{"line":148,"column":8},"end":{"line":148,"column":53}},"29":{"start":{"line":153,"column":8},"end":{"line":153,"column":56}},"30":{"start":{"line":155,"column":8},"end":{"line":155,"column":43}},"31":{"start":{"line":156,"column":8},"end":{"line":156,"column":48}},"32":{"start":{"line":160,"column":8},"end":{"line":160,"column":23}}},"branchMap":{"1":{"line":37,"type":"if","locations":[{"start":{"line":37,"column":8},"end":{"line":37,"column":8}},{"start":{"line":37,"column":8},"end":{"line":37,"column":8}}]},"2":{"line":52,"type":"if","locations":[{"start":{"line":52,"column":8},"end":{"line":52,"column":8}},{"start":{"line":52,"column":8},"end":{"line":52,"column":8}}]},"3":{"line":78,"type":"if","locations":[{"start":{"line":78,"column":8},"end":{"line":78,"column":8}},{"start":{"line":78,"column":8},"end":{"line":78,"column":8}}]},"4":{"line":80,"type":"if","locations":[{"start":{"line":80,"column":15},"end":{"line":80,"column":15}},{"start":{"line":80,"column":15},"end":{"line":80,"column":15}}]},"5":{"line":83,"type":"if","locations":[{"start":{"line":83,"column":8},"end":{"line":83,"column":8}},{"start":{"line":83,"column":8},"end":{"line":83,"column":8}}]},"6":{"line":85,"type":"if","locations":[{"start":{"line":85,"column":15},"end":{"line":85,"column":15}},{"start":{"line":85,"column":15},"end":{"line":85,"column":15}}]},"7":{"line":126,"type":"if","locations":[{"start":{"line":126,"column":8},"end":{"line":126,"column":8}},{"start":{"line":126,"column":8},"end":{"line":126,"column":8}}]}}},"contracts/tokens/ERC721Holder.sol":{"l":{"25":0},"path":"/home/kiwi/Work/Waifusion/uwucrew/contracts/tokens/ERC721Holder.sol","s":{"1":0},"b":{},"f":{"1":0},"fnMap":{"1":{"name":"onERC721Received","line":19,"loc":{"start":{"line":19,"column":4},"end":{"line":26,"column":4}}}},"statementMap":{"1":{"start":{"line":25,"column":8},"end":{"line":25,"column":45}}},"branchMap":{}},"contracts/tokens/IERC20.sol":{"l":{},"path":"/home/kiwi/Work/Waifusion/uwucrew/contracts/tokens/IERC20.sol","s":{},"b":{},"f":{},"fnMap":{},"statementMap":{},"branchMap":{}},"contracts/tokens/IERC20WET.sol":{"l":{},"path":"/home/kiwi/Work/Waifusion/uwucrew/contracts/tokens/IERC20WET.sol","s":{},"b":{},"f":{},"fnMap":{},"statementMap":{},"branchMap":{}},"contracts/tokens/IERC721.sol":{"l":{},"path":"/home/kiwi/Work/Waifusion/uwucrew/contracts/tokens/IERC721.sol","s":{},"b":{},"f":{},"fnMap":{},"statementMap":{},"branchMap":{}},"contracts/tokens/IERC721Enumerable.sol":{"l":{},"path":"/home/kiwi/Work/Waifusion/uwucrew/contracts/tokens/IERC721Enumerable.sol","s":{},"b":{},"f":{},"fnMap":{},"statementMap":{},"branchMap":{}},"contracts/tokens/IERC721Metadata.sol":{"l":{},"path":"/home/kiwi/Work/Waifusion/uwucrew/contracts/tokens/IERC721Metadata.sol","s":{},"b":{},"f":{},"fnMap":{},"statementMap":{},"branchMap":{}},"contracts/tokens/IERC721Receiver.sol":{"l":{},"path":"/home/kiwi/Work/Waifusion/uwucrew/contracts/tokens/IERC721Receiver.sol","s":{},"b":{},"f":{},"fnMap":{},"statementMap":{},"branchMap":{}},"contracts/utils/Address.sol":{"l":{"31":0,"33":0,"34":0,"54":0,"57":0,"58":0,"80":0,"90":0,"105":0,"115":0,"116":0,"119":0,"120":0,"130":0,"140":0,"143":0,"144":0,"154":0,"164":0,"167":0,"168":0,"172":0,"173":0,"176":0,"180":0,"185":0},"path":"/home/kiwi/Work/Waifusion/uwucrew/contracts/utils/Address.sol","s":{"1":0,"2":0,"3":0,"4":0,"5":0,"6":0,"7":0,"8":0,"9":0,"10":0,"11":0,"12":0,"13":0,"14":0,"15":0,"16":0,"17":0,"18":0,"19":0,"20":0,"21":0,"22":0,"23":0,"24":0},"b":{"1":[0,0],"2":[0,0],"3":[0,0],"4":[0,0],"5":[0,0],"6":[0,0],"7":[0,0],"8":[0,0]},"f":{"1":0,"2":0,"3":0,"4":0,"5":0,"6":0,"7":0,"8":0,"9":0,"10":0,"11":0},"fnMap":{"1":{"name":"isContract","line":26,"loc":{"start":{"line":26,"column":4},"end":{"line":35,"column":4}}},"2":{"name":"sendValue","line":53,"loc":{"start":{"line":53,"column":4},"end":{"line":59,"column":4}}},"3":{"name":"functionCall","line":79,"loc":{"start":{"line":79,"column":4},"end":{"line":81,"column":4}}},"4":{"name":"functionCall","line":89,"loc":{"start":{"line":89,"column":4},"end":{"line":91,"column":4}}},"5":{"name":"functionCallWithValue","line":104,"loc":{"start":{"line":104,"column":4},"end":{"line":106,"column":4}}},"6":{"name":"functionCallWithValue","line":114,"loc":{"start":{"line":114,"column":4},"end":{"line":121,"column":4}}},"7":{"name":"functionStaticCall","line":129,"loc":{"start":{"line":129,"column":4},"end":{"line":131,"column":4}}},"8":{"name":"functionStaticCall","line":139,"loc":{"start":{"line":139,"column":4},"end":{"line":145,"column":4}}},"9":{"name":"functionDelegateCall","line":153,"loc":{"start":{"line":153,"column":4},"end":{"line":155,"column":4}}},"10":{"name":"functionDelegateCall","line":163,"loc":{"start":{"line":163,"column":4},"end":{"line":169,"column":4}}},"11":{"name":"_verifyCallResult","line":171,"loc":{"start":{"line":171,"column":4},"end":{"line":188,"column":4}}}},"statementMap":{"1":{"start":{"line":31,"column":8},"end":{"line":31,"column":20}},"2":{"start":{"line":34,"column":8},"end":{"line":34,"column":23}},"3":{"start":{"line":54,"column":8},"end":{"line":54,"column":80}},"4":{"start":{"line":57,"column":8},"end":{"line":57,"column":62}},"5":{"start":{"line":58,"column":8},"end":{"line":58,"column":85}},"6":{"start":{"line":80,"column":6},"end":{"line":80,"column":73}},"7":{"start":{"line":90,"column":8},"end":{"line":90,"column":67}},"8":{"start":{"line":105,"column":8},"end":{"line":105,"column":102}},"9":{"start":{"line":115,"column":8},"end":{"line":115,"column":88}},"10":{"start":{"line":116,"column":8},"end":{"line":116,"column":67}},"11":{"start":{"line":119,"column":8},"end":{"line":119,"column":83}},"12":{"start":{"line":120,"column":8},"end":{"line":120,"column":67}},"13":{"start":{"line":130,"column":8},"end":{"line":130,"column":88}},"14":{"start":{"line":140,"column":8},"end":{"line":140,"column":74}},"15":{"start":{"line":143,"column":8},"end":{"line":143,"column":73}},"16":{"start":{"line":144,"column":8},"end":{"line":144,"column":67}},"17":{"start":{"line":154,"column":8},"end":{"line":154,"column":92}},"18":{"start":{"line":164,"column":8},"end":{"line":164,"column":76}},"19":{"start":{"line":167,"column":8},"end":{"line":167,"column":75}},"20":{"start":{"line":168,"column":8},"end":{"line":168,"column":67}},"21":{"start":{"line":172,"column":8},"end":{"line":172,"column":7231}},"22":{"start":{"line":173,"column":12},"end":{"line":173,"column":29}},"23":{"start":{"line":176,"column":12},"end":{"line":176,"column":7376}},"24":{"start":{"line":185,"column":16},"end":{"line":185,"column":35}}},"branchMap":{"1":{"line":54,"type":"if","locations":[{"start":{"line":54,"column":8},"end":{"line":54,"column":8}},{"start":{"line":54,"column":8},"end":{"line":54,"column":8}}]},"2":{"line":58,"type":"if","locations":[{"start":{"line":58,"column":8},"end":{"line":58,"column":8}},{"start":{"line":58,"column":8},"end":{"line":58,"column":8}}]},"3":{"line":115,"type":"if","locations":[{"start":{"line":115,"column":8},"end":{"line":115,"column":8}},{"start":{"line":115,"column":8},"end":{"line":115,"column":8}}]},"4":{"line":116,"type":"if","locations":[{"start":{"line":116,"column":8},"end":{"line":116,"column":8}},{"start":{"line":116,"column":8},"end":{"line":116,"column":8}}]},"5":{"line":140,"type":"if","locations":[{"start":{"line":140,"column":8},"end":{"line":140,"column":8}},{"start":{"line":140,"column":8},"end":{"line":140,"column":8}}]},"6":{"line":164,"type":"if","locations":[{"start":{"line":164,"column":8},"end":{"line":164,"column":8}},{"start":{"line":164,"column":8},"end":{"line":164,"column":8}}]},"7":{"line":172,"type":"if","locations":[{"start":{"line":172,"column":8},"end":{"line":172,"column":8}},{"start":{"line":172,"column":8},"end":{"line":172,"column":8}}]},"8":{"line":176,"type":"if","locations":[{"start":{"line":176,"column":12},"end":{"line":176,"column":12}},{"start":{"line":176,"column":12},"end":{"line":176,"column":12}}]}}},"contracts/utils/Context.sol":{"l":{"17":0,"21":0,"22":0},"path":"/home/kiwi/Work/Waifusion/uwucrew/contracts/utils/Context.sol","s":{"1":0,"2":0},"b":{},"f":{"1":0,"2":0},"fnMap":{"1":{"name":"_msgSender","line":16,"loc":{"start":{"line":16,"column":4},"end":{"line":18,"column":4}}},"2":{"name":"_msgData","line":20,"loc":{"start":{"line":20,"column":4},"end":{"line":23,"column":4}}}},"statementMap":{"1":{"start":{"line":17,"column":8},"end":{"line":17,"column":25}},"2":{"start":{"line":22,"column":8},"end":{"line":22,"column":23}}},"branchMap":{}},"contracts/utils/introspection/ERC165.sol":{"l":{"26":0},"path":"/home/kiwi/Work/Waifusion/uwucrew/contracts/utils/introspection/ERC165.sol","s":{"1":0},"b":{},"f":{"1":0},"fnMap":{"1":{"name":"supportsInterface","line":25,"loc":{"start":{"line":25,"column":4},"end":{"line":27,"column":4}}}},"statementMap":{"1":{"start":{"line":26,"column":8},"end":{"line":26,"column":55}}},"branchMap":{}},"contracts/utils/introspection/IERC165.sol":{"l":{},"path":"/home/kiwi/Work/Waifusion/uwucrew/contracts/utils/introspection/IERC165.sol","s":{},"b":{},"f":{},"fnMap":{},"statementMap":{},"branchMap":{}},"contracts/utils/MerkleProof.sol":{"l":{"24":0,"26":0,"27":0,"29":0,"31":0,"34":0,"39":0},"path":"/home/kiwi/Work/Waifusion/uwucrew/contracts/utils/MerkleProof.sol","s":{"1":0,"2":0,"3":0,"4":0,"5":0,"6":0,"7":0},"b":{"1":[0,0]},"f":{"1":0},"fnMap":{"1":{"name":"verify","line":19,"loc":{"start":{"line":19,"column":4},"end":{"line":40,"column":4}}}},"statementMap":{"1":{"start":{"line":24,"column":8},"end":{"line":24,"column":35}},"2":{"start":{"line":26,"column":8},"end":{"line":26,"column":928}},"3":{"start":{"line":27,"column":12},"end":{"line":27,"column":43}},"4":{"start":{"line":29,"column":12},"end":{"line":29,"column":1035}},"5":{"start":{"line":31,"column":16},"end":{"line":31,"column":85}},"6":{"start":{"line":34,"column":16},"end":{"line":34,"column":85}},"7":{"start":{"line":39,"column":8},"end":{"line":39,"column":35}}},"branchMap":{"1":{"line":29,"type":"if","locations":[{"start":{"line":29,"column":12},"end":{"line":29,"column":12}},{"start":{"line":29,"column":12},"end":{"line":29,"column":12}}]}}},"contracts/utils/Ownable.sol":{"l":{"28":0,"29":0,"30":0,"37":0,"44":0,"45":0,"56":0,"57":0,"65":0,"66":0,"67":0},"path":"/home/kiwi/Work/Waifusion/uwucrew/contracts/utils/Ownable.sol","s":{"1":0,"2":0,"3":0,"4":0,"5":0,"6":0,"7":0,"8":0,"9":0,"10":0},"b":{"1":[0,0],"2":[0,0]},"f":{"1":0,"2":0,"3":0,"4":0,"5":0},"fnMap":{"1":{"name":"constructor","line":27,"loc":{"start":{"line":27,"column":4},"end":{"line":31,"column":4}}},"2":{"name":"owner","line":36,"loc":{"start":{"line":36,"column":4},"end":{"line":38,"column":4}}},"3":{"name":"onlyOwner","line":43,"loc":{"start":{"line":43,"column":4},"end":{"line":46,"column":4}}},"4":{"name":"renounceOwnership","line":55,"loc":{"start":{"line":55,"column":4},"end":{"line":58,"column":4}}},"5":{"name":"transferOwnership","line":64,"loc":{"start":{"line":64,"column":4},"end":{"line":68,"column":4}}}},"statementMap":{"1":{"start":{"line":28,"column":8},"end":{"line":28,"column":40}},"2":{"start":{"line":29,"column":8},"end":{"line":29,"column":25}},"3":{"start":{"line":30,"column":8},"end":{"line":30,"column":56}},"4":{"start":{"line":37,"column":8},"end":{"line":37,"column":21}},"5":{"start":{"line":44,"column":8},"end":{"line":44,"column":75}},"6":{"start":{"line":56,"column":8},"end":{"line":56,"column":53}},"7":{"start":{"line":57,"column":8},"end":{"line":57,"column":26}},"8":{"start":{"line":65,"column":8},"end":{"line":65,"column":80}},"9":{"start":{"line":66,"column":8},"end":{"line":66,"column":51}},"10":{"start":{"line":67,"column":8},"end":{"line":67,"column":24}}},"branchMap":{"1":{"line":44,"type":"if","locations":[{"start":{"line":44,"column":8},"end":{"line":44,"column":8}},{"start":{"line":44,"column":8},"end":{"line":44,"column":8}}]},"2":{"line":65,"type":"if","locations":[{"start":{"line":65,"column":8},"end":{"line":65,"column":8}},{"start":{"line":65,"column":8},"end":{"line":65,"column":8}}]}}},"contracts/utils/ReentrancyGuard.sol":{"l":{"39":0,"51":0,"54":0,"56":0,"60":0},"path":"/home/kiwi/Work/Waifusion/uwucrew/contracts/utils/ReentrancyGuard.sol","s":{"1":0,"2":0,"3":0,"4":0},"b":{"1":[0,0]},"f":{"1":0,"2":0},"fnMap":{"1":{"name":"constructor","line":38,"loc":{"start":{"line":38,"column":4},"end":{"line":40,"column":4}}},"2":{"name":"nonReentrant","line":49,"loc":{"start":{"line":49,"column":4},"end":{"line":61,"column":4}}}},"statementMap":{"1":{"start":{"line":39,"column":8},"end":{"line":39,"column":29}},"2":{"start":{"line":51,"column":8},"end":{"line":51,"column":70}},"3":{"start":{"line":54,"column":8},"end":{"line":54,"column":25}},"4":{"start":{"line":60,"column":8},"end":{"line":60,"column":29}}},"branchMap":{"1":{"line":51,"type":"if","locations":[{"start":{"line":51,"column":8},"end":{"line":51,"column":8}},{"start":{"line":51,"column":8},"end":{"line":51,"column":8}}]}}},"contracts/utils/Strings.sol":{"l":{"18":0,"19":0,"21":0,"22":0,"23":0,"24":0,"25":0,"27":0,"28":0,"29":0,"30":0,"31":0,"33":0,"40":0,"41":0,"43":0,"44":0,"45":0,"46":0,"47":0,"49":0,"56":0,"57":0,"58":0,"59":0,"60":0,"61":0,"63":0,"64":0},"path":"/home/kiwi/Work/Waifusion/uwucrew/contracts/utils/Strings.sol","s":{"1":0,"2":0,"3":0,"4":0,"5":0,"6":0,"7":0,"8":0,"9":0,"10":0,"11":0,"12":0,"13":0,"14":0,"15":0,"16":0,"17":0,"18":0,"19":0,"20":0,"21":0,"22":0,"23":0,"24":0,"25":0,"26":0,"27":0},"b":{"1":[0,0],"2":[0,0],"3":[0,0]},"f":{"1":0,"2":0,"3":0},"fnMap":{"1":{"name":"toString","line":14,"loc":{"start":{"line":14,"column":4},"end":{"line":34,"column":4}}},"2":{"name":"toHexString","line":39,"loc":{"start":{"line":39,"column":4},"end":{"line":50,"column":4}}},"3":{"name":"toHexString","line":55,"loc":{"start":{"line":55,"column":4},"end":{"line":65,"column":4}}}},"statementMap":{"1":{"start":{"line":18,"column":8},"end":{"line":18,"column":549}},"2":{"start":{"line":19,"column":12},"end":{"line":19,"column":22}},"3":{"start":{"line":21,"column":8},"end":{"line":21,"column":28}},"4":{"start":{"line":22,"column":8},"end":{"line":22,"column":22}},"5":{"start":{"line":23,"column":8},"end":{"line":23,"column":663}},"6":{"start":{"line":25,"column":12},"end":{"line":25,"column":21}},"7":{"start":{"line":27,"column":8},"end":{"line":27,"column":47}},"8":{"start":{"line":28,"column":8},"end":{"line":28,"column":796}},"9":{"start":{"line":29,"column":12},"end":{"line":29,"column":22}},"10":{"start":{"line":30,"column":12},"end":{"line":30,"column":67}},"11":{"start":{"line":31,"column":12},"end":{"line":31,"column":22}},"12":{"start":{"line":33,"column":8},"end":{"line":33,"column":29}},"13":{"start":{"line":40,"column":8},"end":{"line":40,"column":1172}},"14":{"start":{"line":41,"column":12},"end":{"line":41,"column":25}},"15":{"start":{"line":43,"column":8},"end":{"line":43,"column":28}},"16":{"start":{"line":44,"column":8},"end":{"line":44,"column":26}},"17":{"start":{"line":45,"column":8},"end":{"line":45,"column":1293}},"18":{"start":{"line":47,"column":12},"end":{"line":47,"column":21}},"19":{"start":{"line":49,"column":8},"end":{"line":49,"column":41}},"20":{"start":{"line":56,"column":8},"end":{"line":56,"column":55}},"21":{"start":{"line":57,"column":8},"end":{"line":57,"column":22}},"22":{"start":{"line":58,"column":8},"end":{"line":58,"column":22}},"23":{"start":{"line":59,"column":8},"end":{"line":59,"column":1747}},"24":{"start":{"line":60,"column":12},"end":{"line":60,"column":44}},"25":{"start":{"line":61,"column":12},"end":{"line":61,"column":22}},"26":{"start":{"line":63,"column":8},"end":{"line":63,"column":62}},"27":{"start":{"line":64,"column":8},"end":{"line":64,"column":29}}},"branchMap":{"1":{"line":18,"type":"if","locations":[{"start":{"line":18,"column":8},"end":{"line":18,"column":8}},{"start":{"line":18,"column":8},"end":{"line":18,"column":8}}]},"2":{"line":40,"type":"if","locations":[{"start":{"line":40,"column":8},"end":{"line":40,"column":8}},{"start":{"line":40,"column":8},"end":{"line":40,"column":8}}]},"3":{"line":63,"type":"if","locations":[{"start":{"line":63,"column":8},"end":{"line":63,"column":8}},{"start":{"line":63,"column":8},"end":{"line":63,"column":8}}]}}},"contracts/uwucrew.sol":{"l":{"24":0,"28":0,"29":0,"33":0,"34":0,"38":0,"39":0,"43":0,"44":0,"51":0,"52":0,"53":0,"61":0,"65":0,"69":0,"70":0,"74":0},"path":"/home/kiwi/Work/Waifusion/uwucrew/contracts/uwucrew.sol","s":{"1":0,"2":0,"3":0,"4":0,"5":0,"6":0,"7":0,"8":0,"9":0,"10":0,"11":0,"12":0,"13":0,"14":0,"15":0,"16":0,"17":0},"b":{"1":[0,0],"2":[0,0],"3":[0,0],"4":[0,0]},"f":{"1":0,"2":0,"3":0,"4":0,"5":0,"6":0,"7":0,"8":0,"9":0,"10":0},"fnMap":{"1":{"name":"constructor","line":23,"loc":{"start":{"line":23,"column":2},"end":{"line":25,"column":2}}},"2":{"name":"mint","line":27,"loc":{"start":{"line":27,"column":2},"end":{"line":30,"column":2}}},"3":{"name":"prepareSale","line":32,"loc":{"start":{"line":32,"column":2},"end":{"line":35,"column":2}}},"4":{"name":"setExtraContract","line":37,"loc":{"start":{"line":37,"column":2},"end":{"line":40,"column":2}}},"5":{"name":"renounceMinting","line":42,"loc":{"start":{"line":42,"column":2},"end":{"line":45,"column":2}}},"6":{"name":"reserveUWUS","line":50,"loc":{"start":{"line":50,"column":2},"end":{"line":55,"column":2}}},"7":{"name":"setProvenanceHash","line":60,"loc":{"start":{"line":60,"column":2},"end":{"line":62,"column":2}}},"8":{"name":"setBaseURI","line":64,"loc":{"start":{"line":64,"column":2},"end":{"line":66,"column":2}}},"9":{"name":"_safeMint","line":68,"loc":{"start":{"line":68,"column":2},"end":{"line":71,"column":2}}},"10":{"name":"_baseURI","line":73,"loc":{"start":{"line":73,"column":2},"end":{"line":75,"column":2}}}},"statementMap":{"1":{"start":{"line":24,"column":4},"end":{"line":24,"column":22}},"2":{"start":{"line":28,"column":4},"end":{"line":28,"column":85}},"3":{"start":{"line":29,"column":4},"end":{"line":29,"column":25}},"4":{"start":{"line":33,"column":4},"end":{"line":33,"column":38}},"5":{"start":{"line":34,"column":4},"end":{"line":34,"column":31}},"6":{"start":{"line":38,"column":4},"end":{"line":38,"column":39}},"7":{"start":{"line":39,"column":4},"end":{"line":39,"column":33}},"8":{"start":{"line":43,"column":4},"end":{"line":43,"column":28}},"9":{"start":{"line":44,"column":4},"end":{"line":44,"column":29}},"10":{"start":{"line":51,"column":4},"end":{"line":51,"column":31}},"11":{"start":{"line":52,"column":4},"end":{"line":52,"column":1389}},"12":{"start":{"line":53,"column":6},"end":{"line":53,"column":38}},"13":{"start":{"line":61,"column":4},"end":{"line":61,"column":34}},"14":{"start":{"line":65,"column":4},"end":{"line":65,"column":19}},"15":{"start":{"line":69,"column":4},"end":{"line":69,"column":43}},"16":{"start":{"line":70,"column":4},"end":{"line":70,"column":31}},"17":{"start":{"line":74,"column":4},"end":{"line":74,"column":18}}},"branchMap":{"1":{"line":28,"type":"if","locations":[{"start":{"line":28,"column":4},"end":{"line":28,"column":4}},{"start":{"line":28,"column":4},"end":{"line":28,"column":4}}]},"2":{"line":33,"type":"if","locations":[{"start":{"line":33,"column":4},"end":{"line":33,"column":4}},{"start":{"line":33,"column":4},"end":{"line":33,"column":4}}]},"3":{"line":38,"type":"if","locations":[{"start":{"line":38,"column":4},"end":{"line":38,"column":4}},{"start":{"line":38,"column":4},"end":{"line":38,"column":4}}]},"4":{"line":69,"type":"if","locations":[{"start":{"line":69,"column":4},"end":{"line":69,"column":4}},{"start":{"line":69,"column":4},"end":{"line":69,"column":4}}]}}},"contracts/uwucrewBSCClaim.sol":{"l":{"28":0,"29":0,"33":0,"34":0,"35":0,"36":0,"37":0,"41":0,"42":0,"43":0,"47":0,"50":0,"51":0,"53":0,"54":0,"55":0,"57":0,"58":0,"59":0,"61":0},"path":"/home/kiwi/Work/Waifusion/uwucrew/contracts/uwucrewBSCClaim.sol","s":{"1":0,"2":0,"3":0,"4":0,"5":0,"6":0,"7":0,"8":0,"9":0,"10":0,"11":0,"12":0,"13":0,"14":0,"15":0,"16":0,"17":0,"18":0,"19":0,"20":0},"b":{"1":[0,0],"2":[0,0],"3":[0,0],"4":[0,0]},"f":{"1":0,"2":0,"3":0,"4":0},"fnMap":{"1":{"name":"constructor","line":27,"loc":{"start":{"line":27,"column":4},"end":{"line":30,"column":4}}},"2":{"name":"isClaimed","line":32,"loc":{"start":{"line":32,"column":4},"end":{"line":38,"column":4}}},"3":{"name":"_setClaimed","line":40,"loc":{"start":{"line":40,"column":4},"end":{"line":44,"column":4}}},"4":{"name":"claim","line":46,"loc":{"start":{"line":46,"column":4},"end":{"line":62,"column":4}}}},"statementMap":{"1":{"start":{"line":28,"column":8},"end":{"line":28,"column":17}},"2":{"start":{"line":29,"column":8},"end":{"line":29,"column":31}},"3":{"start":{"line":33,"column":8},"end":{"line":33,"column":46}},"4":{"start":{"line":34,"column":8},"end":{"line":34,"column":45}},"5":{"start":{"line":35,"column":8},"end":{"line":35,"column":61}},"6":{"start":{"line":36,"column":8},"end":{"line":36,"column":45}},"7":{"start":{"line":37,"column":8},"end":{"line":37,"column":41}},"8":{"start":{"line":41,"column":8},"end":{"line":41,"column":46}},"9":{"start":{"line":42,"column":8},"end":{"line":42,"column":45}},"10":{"start":{"line":43,"column":8},"end":{"line":43,"column":97}},"11":{"start":{"line":47,"column":8},"end":{"line":47,"column":77}},"12":{"start":{"line":50,"column":8},"end":{"line":50,"column":74}},"13":{"start":{"line":51,"column":8},"end":{"line":51,"column":102}},"14":{"start":{"line":53,"column":8},"end":{"line":53,"column":68}},"15":{"start":{"line":54,"column":8},"end":{"line":54,"column":62}},"16":{"start":{"line":55,"column":8},"end":{"line":55,"column":48}},"17":{"start":{"line":57,"column":8},"end":{"line":57,"column":46}},"18":{"start":{"line":58,"column":8},"end":{"line":58,"column":2144}},"19":{"start":{"line":59,"column":10},"end":{"line":59,"column":27}},"20":{"start":{"line":61,"column":8},"end":{"line":61,"column":44}}},"branchMap":{"1":{"line":47,"type":"if","locations":[{"start":{"line":47,"column":8},"end":{"line":47,"column":8}},{"start":{"line":47,"column":8},"end":{"line":47,"column":8}}]},"2":{"line":51,"type":"if","locations":[{"start":{"line":51,"column":8},"end":{"line":51,"column":8}},{"start":{"line":51,"column":8},"end":{"line":51,"column":8}}]},"3":{"line":54,"type":"if","locations":[{"start":{"line":54,"column":8},"end":{"line":54,"column":8}},{"start":{"line":54,"column":8},"end":{"line":54,"column":8}}]},"4":{"line":58,"type":"if","locations":[{"start":{"line":58,"column":8},"end":{"line":58,"column":8}},{"start":{"line":58,"column":8},"end":{"line":58,"column":8}}]}}},"contracts/uwucrewBSCWetSale.sol":{"l":{"30":0,"31":0,"35":0,"36":0,"37":0,"39":0,"41":0,"42":0,"45":0,"46":0,"47":0,"50":0,"51":0,"52":0,"53":0,"57":0,"58":0,"60":0,"64":0,"68":0,"72":0,"73":0,"74":0,"75":0,"77":0,"81":0,"85":0,"86":0,"91":0,"92":0,"95":0,"96":0,"97":0,"98":0,"103":0,"104":0,"106":0,"108":0,"110":0},"path":"/home/kiwi/Work/Waifusion/uwucrew/contracts/uwucrewBSCWetSale.sol","s":{"1":0,"2":0,"3":0,"4":0,"5":0,"6":0,"7":0,"8":0,"9":0,"10":0,"11":0,"12":0,"13":0,"14":0,"15":0,"16":0,"17":0,"18":0,"19":0,"20":0,"21":0,"22":0,"23":0,"24":0,"25":0,"26":0,"27":0,"28":0,"29":0,"30":0,"31":0,"32":0,"33":0,"34":0,"35":0,"36":0,"37":0,"38":0,"39":0,"40":0,"41":0},"b":{"1":[0,0],"2":[0,0],"3":[0,0],"4":[0,0],"5":[0,0],"6":[0,0],"7":[0,0],"8":[0,0],"9":[0,0],"10":[0,0],"11":[0,0],"12":[0,0]},"f":{"1":0,"2":0,"3":0,"4":0,"5":0,"6":0,"7":0,"8":0,"9":0},"fnMap":{"1":{"name":"constructor","line":29,"loc":{"start":{"line":29,"column":2},"end":{"line":32,"column":2}}},"2":{"name":"buy","line":34,"loc":{"start":{"line":34,"column":2},"end":{"line":61,"column":2}}},"3":{"name":"setStartTime","line":63,"loc":{"start":{"line":63,"column":2},"end":{"line":65,"column":2}}},"4":{"name":"allContributors","line":67,"loc":{"start":{"line":67,"column":2},"end":{"line":69,"column":2}}},"5":{"name":"allContributorsBalance","line":71,"loc":{"start":{"line":71,"column":2},"end":{"line":78,"column":2}}},"6":{"name":"currentMaxPerTX","line":80,"loc":{"start":{"line":80,"column":2},"end":{"line":82,"column":2}}},"7":{"name":"nextWaveBlock","line":84,"loc":{"start":{"line":84,"column":2},"end":{"line":88,"column":2}}},"8":{"name":"refreshWave","line":90,"loc":{"start":{"line":90,"column":2},"end":{"line":100,"column":2}}},"9":{"name":"maxPerTX","line":102,"loc":{"start":{"line":102,"column":2},"end":{"line":112,"column":2}}}},"statementMap":{"1":{"start":{"line":30,"column":4},"end":{"line":30,"column":25}},"2":{"start":{"line":31,"column":4},"end":{"line":31,"column":28}},"3":{"start":{"line":35,"column":4},"end":{"line":35,"column":63}},"4":{"start":{"line":36,"column":4},"end":{"line":36,"column":38}},"5":{"start":{"line":37,"column":4},"end":{"line":37,"column":58}},"6":{"start":{"line":39,"column":4},"end":{"line":39,"column":16}},"7":{"start":{"line":41,"column":4},"end":{"line":41,"column":63}},"8":{"start":{"line":42,"column":4},"end":{"line":42,"column":62}},"9":{"start":{"line":45,"column":4},"end":{"line":45,"column":1427}},"10":{"start":{"line":46,"column":6},"end":{"line":46,"column":56}},"11":{"start":{"line":47,"column":6},"end":{"line":47,"column":28}},"12":{"start":{"line":50,"column":4},"end":{"line":50,"column":67}},"13":{"start":{"line":51,"column":4},"end":{"line":51,"column":1639}},"14":{"start":{"line":52,"column":6},"end":{"line":52,"column":34}},"15":{"start":{"line":53,"column":6},"end":{"line":53,"column":35}},"16":{"start":{"line":57,"column":4},"end":{"line":57,"column":22}},"17":{"start":{"line":58,"column":4},"end":{"line":58,"column":31}},"18":{"start":{"line":60,"column":4},"end":{"line":60,"column":36}},"19":{"start":{"line":64,"column":4},"end":{"line":64,"column":25}},"20":{"start":{"line":68,"column":4},"end":{"line":68,"column":23}},"21":{"start":{"line":72,"column":4},"end":{"line":72,"column":49}},"22":{"start":{"line":73,"column":4},"end":{"line":73,"column":67}},"23":{"start":{"line":74,"column":4},"end":{"line":74,"column":2360}},"24":{"start":{"line":75,"column":6},"end":{"line":75,"column":44}},"25":{"start":{"line":77,"column":4},"end":{"line":77,"column":19}},"26":{"start":{"line":81,"column":4},"end":{"line":81,"column":25}},"27":{"start":{"line":85,"column":4},"end":{"line":85,"column":56}},"28":{"start":{"line":86,"column":4},"end":{"line":86,"column":54}},"29":{"start":{"line":91,"column":4},"end":{"line":91,"column":2810}},"30":{"start":{"line":92,"column":6},"end":{"line":92,"column":30}},"31":{"start":{"line":95,"column":4},"end":{"line":95,"column":56}},"32":{"start":{"line":96,"column":4},"end":{"line":96,"column":54}},"33":{"start":{"line":97,"column":4},"end":{"line":97,"column":3022}},"34":{"start":{"line":98,"column":6},"end":{"line":98,"column":19}},"35":{"start":{"line":103,"column":4},"end":{"line":103,"column":3152}},"36":{"start":{"line":104,"column":6},"end":{"line":104,"column":14}},"37":{"start":{"line":105,"column":11},"end":{"line":105,"column":3197}},"38":{"start":{"line":106,"column":6},"end":{"line":106,"column":15}},"39":{"start":{"line":107,"column":11},"end":{"line":107,"column":3243}},"40":{"start":{"line":108,"column":6},"end":{"line":108,"column":15}},"41":{"start":{"line":110,"column":6},"end":{"line":110,"column":15}}},"branchMap":{"1":{"line":35,"type":"if","locations":[{"start":{"line":35,"column":4},"end":{"line":35,"column":4}},{"start":{"line":35,"column":4},"end":{"line":35,"column":4}}]},"2":{"line":36,"type":"if","locations":[{"start":{"line":36,"column":4},"end":{"line":36,"column":4}},{"start":{"line":36,"column":4},"end":{"line":36,"column":4}}]},"3":{"line":37,"type":"if","locations":[{"start":{"line":37,"column":4},"end":{"line":37,"column":4}},{"start":{"line":37,"column":4},"end":{"line":37,"column":4}}]},"4":{"line":41,"type":"if","locations":[{"start":{"line":41,"column":4},"end":{"line":41,"column":4}},{"start":{"line":41,"column":4},"end":{"line":41,"column":4}}]},"5":{"line":42,"type":"if","locations":[{"start":{"line":42,"column":4},"end":{"line":42,"column":4}},{"start":{"line":42,"column":4},"end":{"line":42,"column":4}}]},"6":{"line":45,"type":"if","locations":[{"start":{"line":45,"column":4},"end":{"line":45,"column":4}},{"start":{"line":45,"column":4},"end":{"line":45,"column":4}}]},"7":{"line":51,"type":"if","locations":[{"start":{"line":51,"column":4},"end":{"line":51,"column":4}},{"start":{"line":51,"column":4},"end":{"line":51,"column":4}}]},"8":{"line":91,"type":"if","locations":[{"start":{"line":91,"column":4},"end":{"line":91,"column":4}},{"start":{"line":91,"column":4},"end":{"line":91,"column":4}}]},"9":{"line":97,"type":"if","locations":[{"start":{"line":97,"column":4},"end":{"line":97,"column":4}},{"start":{"line":97,"column":4},"end":{"line":97,"column":4}}]},"10":{"line":103,"type":"if","locations":[{"start":{"line":103,"column":4},"end":{"line":103,"column":4}},{"start":{"line":103,"column":4},"end":{"line":103,"column":4}}]},"11":{"line":105,"type":"if","locations":[{"start":{"line":105,"column":11},"end":{"line":105,"column":11}},{"start":{"line":105,"column":11},"end":{"line":105,"column":11}}]},"12":{"line":107,"type":"if","locations":[{"start":{"line":107,"column":11},"end":{"line":107,"column":11}},{"start":{"line":107,"column":11},"end":{"line":107,"column":11}}]}}},"contracts/uwucrewWaveLockMintSale.sol":{"l":{"39":0,"40":0,"41":0,"42":0,"43":0,"45":0,"49":0,"50":0,"51":0,"52":0,"53":0,"54":0,"58":0,"59":0,"63":0,"67":0,"68":0,"69":0,"73":0,"74":0,"75":0,"79":0,"80":0,"87":0,"88":0,"89":0,"91":0,"93":0,"94":0,"95":0,"98":0,"99":0,"100":0,"101":0,"102":0,"106":0,"107":0,"109":0,"111":0,"112":0,"113":0,"118":0,"122":0,"126":0,"127":0,"128":0,"129":0,"132":0,"133":0,"134":0,"139":0,"143":0,"144":0,"146":0,"148":0,"150":0,"155":0,"156":0,"159":0,"160":0,"161":0,"162":0},"path":"/home/kiwi/Work/Waifusion/uwucrew/contracts/uwucrewWaveLockMintSale.sol","s":{"1":0,"2":0,"3":0,"4":0,"5":0,"6":0,"7":0,"8":0,"9":0,"10":0,"11":0,"12":0,"13":0,"14":0,"15":0,"16":0,"17":0,"18":0,"19":0,"20":0,"21":0,"22":0,"23":0,"24":0,"25":0,"26":0,"27":0,"28":0,"29":0,"30":0,"31":0,"32":0,"33":0,"34":0,"35":0,"36":0,"37":0,"38":0,"39":0,"40":0,"41":0,"42":0,"43":0,"44":0,"45":0,"46":0,"47":0,"48":0,"49":0,"50":0,"51":0,"52":0,"53":0,"54":0,"55":0,"56":0,"57":0,"58":0,"59":0,"60":0,"61":0,"62":0,"63":0,"64":0},"b":{"1":[0,0],"2":[0,0],"3":[0,0],"4":[0,0],"5":[0,0],"6":[0,0],"7":[0,0],"8":[0,0],"9":[0,0],"10":[0,0],"11":[0,0],"12":[0,0],"13":[0,0],"14":[0,0],"15":[0,0],"16":[0,0],"17":[0,0],"18":[0,0],"19":[0,0],"20":[0,0]},"f":{"1":0,"2":0,"3":0,"4":0,"5":0,"6":0,"7":0,"8":0,"9":0,"10":0,"11":0,"12":0,"13":0},"fnMap":{"1":{"name":"constructor","line":38,"loc":{"start":{"line":38,"column":2},"end":{"line":46,"column":2}}},"2":{"name":"swapWFforUWU","line":48,"loc":{"start":{"line":48,"column":2},"end":{"line":60,"column":2}}},"3":{"name":"withdrawETH","line":62,"loc":{"start":{"line":62,"column":2},"end":{"line":64,"column":2}}},"4":{"name":"closeSwapToSale","line":66,"loc":{"start":{"line":66,"column":2},"end":{"line":70,"column":2}}},"5":{"name":"closeSwapToOwner","line":72,"loc":{"start":{"line":72,"column":2},"end":{"line":76,"column":2}}},"6":{"name":"addExtraToSale","line":78,"loc":{"start":{"line":78,"column":2},"end":{"line":81,"column":2}}},"7":{"name":"buy","line":86,"loc":{"start":{"line":86,"column":2},"end":{"line":115,"column":2}}},"8":{"name":"mint","line":117,"loc":{"start":{"line":117,"column":2},"end":{"line":119,"column":2}}},"9":{"name":"forceMint","line":121,"loc":{"start":{"line":121,"column":2},"end":{"line":123,"column":2}}},"10":{"name":"_mint","line":125,"loc":{"start":{"line":125,"column":2},"end":{"line":136,"column":2}}},"11":{"name":"currentMaxPerTX","line":138,"loc":{"start":{"line":138,"column":2},"end":{"line":140,"column":2}}},"12":{"name":"maxPerTX","line":142,"loc":{"start":{"line":142,"column":2},"end":{"line":152,"column":2}}},"13":{"name":"refreshWave","line":154,"loc":{"start":{"line":154,"column":2},"end":{"line":164,"column":2}}}},"statementMap":{"1":{"start":{"line":39,"column":4},"end":{"line":39,"column":13}},"2":{"start":{"line":40,"column":4},"end":{"line":40,"column":89}},"3":{"start":{"line":41,"column":4},"end":{"line":41,"column":25}},"4":{"start":{"line":42,"column":4},"end":{"line":42,"column":28}},"5":{"start":{"line":43,"column":4},"end":{"line":43,"column":28}},"6":{"start":{"line":45,"column":4},"end":{"line":45,"column":31}},"7":{"start":{"line":49,"column":4},"end":{"line":49,"column":30}},"8":{"start":{"line":50,"column":4},"end":{"line":50,"column":36}},"9":{"start":{"line":51,"column":4},"end":{"line":51,"column":70}},"10":{"start":{"line":52,"column":4},"end":{"line":52,"column":68}},"11":{"start":{"line":53,"column":4},"end":{"line":53,"column":1862}},"12":{"start":{"line":54,"column":6},"end":{"line":54,"column":76}},"13":{"start":{"line":58,"column":4},"end":{"line":58,"column":25}},"14":{"start":{"line":59,"column":4},"end":{"line":59,"column":31}},"15":{"start":{"line":63,"column":4},"end":{"line":63,"column":54}},"16":{"start":{"line":67,"column":4},"end":{"line":67,"column":53}},"17":{"start":{"line":68,"column":4},"end":{"line":68,"column":32}},"18":{"start":{"line":69,"column":4},"end":{"line":69,"column":29}},"19":{"start":{"line":73,"column":4},"end":{"line":73,"column":53}},"20":{"start":{"line":74,"column":4},"end":{"line":74,"column":32}},"21":{"start":{"line":75,"column":4},"end":{"line":75,"column":35}},"22":{"start":{"line":79,"column":4},"end":{"line":79,"column":31}},"23":{"start":{"line":80,"column":4},"end":{"line":80,"column":25}},"24":{"start":{"line":87,"column":4},"end":{"line":87,"column":63}},"25":{"start":{"line":88,"column":4},"end":{"line":88,"column":38}},"26":{"start":{"line":89,"column":4},"end":{"line":89,"column":58}},"27":{"start":{"line":91,"column":4},"end":{"line":91,"column":16}},"28":{"start":{"line":93,"column":4},"end":{"line":93,"column":63}},"29":{"start":{"line":94,"column":4},"end":{"line":94,"column":62}},"30":{"start":{"line":95,"column":4},"end":{"line":95,"column":59}},"31":{"start":{"line":98,"column":4},"end":{"line":98,"column":25}},"32":{"start":{"line":99,"column":4},"end":{"line":99,"column":3286}},"33":{"start":{"line":100,"column":6},"end":{"line":100,"column":56}},"34":{"start":{"line":101,"column":6},"end":{"line":101,"column":55}},"35":{"start":{"line":102,"column":6},"end":{"line":102,"column":28}},"36":{"start":{"line":106,"column":4},"end":{"line":106,"column":22}},"37":{"start":{"line":107,"column":4},"end":{"line":107,"column":31}},"38":{"start":{"line":109,"column":4},"end":{"line":109,"column":36}},"39":{"start":{"line":111,"column":4},"end":{"line":111,"column":3686}},"40":{"start":{"line":112,"column":6},"end":{"line":112,"column":68}},"41":{"start":{"line":113,"column":6},"end":{"line":113,"column":83}},"42":{"start":{"line":118,"column":4},"end":{"line":118,"column":27}},"43":{"start":{"line":122,"column":4},"end":{"line":122,"column":24}},"44":{"start":{"line":126,"column":4},"end":{"line":126,"column":27}},"45":{"start":{"line":127,"column":4},"end":{"line":127,"column":59}},"46":{"start":{"line":128,"column":4},"end":{"line":128,"column":81}},"47":{"start":{"line":129,"column":4},"end":{"line":129,"column":28}},"48":{"start":{"line":132,"column":4},"end":{"line":132,"column":64}},"49":{"start":{"line":133,"column":4},"end":{"line":133,"column":4419}},"50":{"start":{"line":134,"column":6},"end":{"line":134,"column":49}},"51":{"start":{"line":139,"column":4},"end":{"line":139,"column":25}},"52":{"start":{"line":143,"column":4},"end":{"line":143,"column":4687}},"53":{"start":{"line":144,"column":6},"end":{"line":144,"column":14}},"54":{"start":{"line":145,"column":11},"end":{"line":145,"column":4732}},"55":{"start":{"line":146,"column":6},"end":{"line":146,"column":15}},"56":{"start":{"line":147,"column":11},"end":{"line":147,"column":4778}},"57":{"start":{"line":148,"column":6},"end":{"line":148,"column":15}},"58":{"start":{"line":150,"column":6},"end":{"line":150,"column":15}},"59":{"start":{"line":155,"column":4},"end":{"line":155,"column":4894}},"60":{"start":{"line":156,"column":6},"end":{"line":156,"column":30}},"61":{"start":{"line":159,"column":4},"end":{"line":159,"column":56}},"62":{"start":{"line":160,"column":4},"end":{"line":160,"column":54}},"63":{"start":{"line":161,"column":4},"end":{"line":161,"column":5106}},"64":{"start":{"line":162,"column":6},"end":{"line":162,"column":19}}},"branchMap":{"1":{"line":40,"type":"if","locations":[{"start":{"line":40,"column":4},"end":{"line":40,"column":4}},{"start":{"line":40,"column":4},"end":{"line":40,"column":4}}]},"2":{"line":50,"type":"if","locations":[{"start":{"line":50,"column":4},"end":{"line":50,"column":4}},{"start":{"line":50,"column":4},"end":{"line":50,"column":4}}]},"3":{"line":51,"type":"if","locations":[{"start":{"line":51,"column":4},"end":{"line":51,"column":4}},{"start":{"line":51,"column":4},"end":{"line":51,"column":4}}]},"4":{"line":87,"type":"if","locations":[{"start":{"line":87,"column":4},"end":{"line":87,"column":4}},{"start":{"line":87,"column":4},"end":{"line":87,"column":4}}]},"5":{"line":88,"type":"if","locations":[{"start":{"line":88,"column":4},"end":{"line":88,"column":4}},{"start":{"line":88,"column":4},"end":{"line":88,"column":4}}]},"6":{"line":89,"type":"if","locations":[{"start":{"line":89,"column":4},"end":{"line":89,"column":4}},{"start":{"line":89,"column":4},"end":{"line":89,"column":4}}]},"7":{"line":93,"type":"if","locations":[{"start":{"line":93,"column":4},"end":{"line":93,"column":4}},{"start":{"line":93,"column":4},"end":{"line":93,"column":4}}]},"8":{"line":94,"type":"if","locations":[{"start":{"line":94,"column":4},"end":{"line":94,"column":4}},{"start":{"line":94,"column":4},"end":{"line":94,"column":4}}]},"9":{"line":95,"type":"if","locations":[{"start":{"line":95,"column":4},"end":{"line":95,"column":4}},{"start":{"line":95,"column":4},"end":{"line":95,"column":4}}]},"10":{"line":99,"type":"if","locations":[{"start":{"line":99,"column":4},"end":{"line":99,"column":4}},{"start":{"line":99,"column":4},"end":{"line":99,"column":4}}]},"11":{"line":111,"type":"if","locations":[{"start":{"line":111,"column":4},"end":{"line":111,"column":4}},{"start":{"line":111,"column":4},"end":{"line":111,"column":4}}]},"12":{"line":113,"type":"if","locations":[{"start":{"line":113,"column":6},"end":{"line":113,"column":6}},{"start":{"line":113,"column":6},"end":{"line":113,"column":6}}]},"13":{"line":126,"type":"if","locations":[{"start":{"line":126,"column":4},"end":{"line":126,"column":4}},{"start":{"line":126,"column":4},"end":{"line":126,"column":4}}]},"14":{"line":127,"type":"if","locations":[{"start":{"line":127,"column":4},"end":{"line":127,"column":4}},{"start":{"line":127,"column":4},"end":{"line":127,"column":4}}]},"15":{"line":128,"type":"if","locations":[{"start":{"line":128,"column":4},"end":{"line":128,"column":4}},{"start":{"line":128,"column":4},"end":{"line":128,"column":4}}]},"16":{"line":143,"type":"if","locations":[{"start":{"line":143,"column":4},"end":{"line":143,"column":4}},{"start":{"line":143,"column":4},"end":{"line":143,"column":4}}]},"17":{"line":145,"type":"if","locations":[{"start":{"line":145,"column":11},"end":{"line":145,"column":11}},{"start":{"line":145,"column":11},"end":{"line":145,"column":11}}]},"18":{"line":147,"type":"if","locations":[{"start":{"line":147,"column":11},"end":{"line":147,"column":11}},{"start":{"line":147,"column":11},"end":{"line":147,"column":11}}]},"19":{"line":155,"type":"if","locations":[{"start":{"line":155,"column":4},"end":{"line":155,"column":4}},{"start":{"line":155,"column":4},"end":{"line":155,"column":4}}]},"20":{"line":161,"type":"if","locations":[{"start":{"line":161,"column":4},"end":{"line":161,"column":4}},{"start":{"line":161,"column":4},"end":{"line":161,"column":4}}]}}}}