TN:
SF:/home/kiwi/Work/Waifusion/uwucrew/contracts/access/Ownable.sol
FN:26,constructor
FN:35,owner
FN:42,onlyOwner
FN:54,renounceOwnership
FN:63,transferOwnership
FNF:5
FNH:0
FNDA:0,constructor
FNDA:0,owner
FNDA:0,onlyOwner
FNDA:0,renounceOwnership
FNDA:0,transferOwnership
DA:27,0
DA:28,0
DA:29,0
DA:36,0
DA:43,0
DA:44,0
DA:55,0
DA:56,0
DA:64,0
DA:65,0
DA:66,0
LF:11
LH:0
BRDA:43,1,0,0
BRDA:43,1,1,0
BRDA:64,2,0,0
BRDA:64,2,1,0
BRF:4
BRH:0
end_of_record
TN:
SF:/home/kiwi/Work/Waifusion/uwucrew/contracts/extensions/IERC721Metadata.sol
FNF:0
FNH:0
LF:0
LH:0
BRF:0
BRH:0
end_of_record
TN:
SF:/home/kiwi/Work/Waifusion/uwucrew/contracts/PlainNFTMintDistro.sol
FN:18,constructor
FN:21,mint
FN:27,prepareSale
FNF:3
FNH:0
FNDA:0,constructor
FNDA:0,mint
FNDA:0,prepareSale
DA:22,0
DA:23,0
DA:24,0
DA:28,0
DA:29,0
DA:30,0
LF:6
LH:0
BRDA:22,1,0,0
BRDA:22,1,1,0
BRDA:23,2,0,0
BRDA:23,2,1,0
BRDA:28,3,0,0
BRDA:28,3,1,0
BRF:6
BRH:0
end_of_record
TN:
SF:/home/kiwi/Work/Waifusion/uwucrew/contracts/tokens/ERC721.sol
FN:46,constructor
FN:54,supportsInterface
FN:64,balanceOf
FN:72,ownerOf
FN:81,name
FN:88,symbol
FN:95,tokenURI
FN:107,_baseURI
FN:114,approve
FN:129,getApproved
FN:138,setApprovalForAll
FN:148,isApprovedForAll
FN:155,transferFrom
FN:169,safeTransferFrom
FN:180,safeTransferFrom
FN:208,_safeTransfer
FN:226,_exists
FN:237,_isApprovedOrOwner
FN:253,_safeMint
FN:261,_safeMint
FN:285,_mint
FN:307,_burn
FN:332,_transfer
FN:357,_approve
FN:372,_checkOnERC721Received
FN:409,_beforeTokenTransfer
FNF:26
FNH:8
FNDA:3,constructor
FNDA:0,supportsInterface
FNDA:13,balanceOf
FNDA:0,ownerOf
FNDA:0,name
FNDA:0,symbol
FNDA:0,tokenURI
FNDA:0,_baseURI
FNDA:0,approve
FNDA:0,getApproved
FNDA:0,setApprovalForAll
FNDA:0,isApprovedForAll
FNDA:0,transferFrom
FNDA:0,safeTransferFrom
FNDA:0,safeTransferFrom
FNDA:0,_safeTransfer
FNDA:7,_exists
FNDA:0,_isApprovedOrOwner
FNDA:7,_safeMint
FNDA:7,_safeMint
FNDA:7,_mint
FNDA:0,_burn
FNDA:0,_transfer
FNDA:0,_approve
FNDA:7,_checkOnERC721Received
FNDA:7,_beforeTokenTransfer
DA:47,3
DA:48,3
DA:55,0
DA:65,13
DA:66,13
DA:73,0
DA:74,0
DA:75,0
DA:82,0
DA:89,0
DA:96,0
DA:98,0
DA:99,0
DA:108,0
DA:115,0
DA:116,0
DA:118,0
DA:123,0
DA:130,0
DA:132,0
DA:139,0
DA:141,0
DA:142,0
DA:149,0
DA:161,0
DA:163,0
DA:174,0
DA:186,0
DA:187,0
DA:214,0
DA:215,0
DA:227,7
DA:238,0
DA:239,0
DA:240,0
DA:254,7
DA:266,7
DA:267,7
DA:286,7
DA:287,7
DA:289,7
DA:291,7
DA:292,7
DA:294,7
DA:308,0
DA:310,0
DA:313,0
DA:315,0
DA:316,0
DA:318,0
DA:337,0
DA:338,0
DA:340,0
DA:343,0
DA:345,0
DA:346,0
DA:347,0
DA:349,0
DA:358,0
DA:359,0
DA:378,7
DA:379,0
DA:380,0
DA:382,0
DA:383,0
DA:385,0
DA:391,7
LF:67
LH:16
BRDA:65,1,0,13
BRDA:65,1,1,0
BRDA:74,2,0,0
BRDA:74,2,1,0
BRDA:96,3,0,0
BRDA:96,3,1,0
BRDA:116,4,0,0
BRDA:116,4,1,0
BRDA:118,5,0,0
BRDA:118,5,1,0
BRDA:130,6,0,0
BRDA:130,6,1,0
BRDA:139,7,0,0
BRDA:139,7,1,0
BRDA:161,8,0,0
BRDA:161,8,1,0
BRDA:186,9,0,0
BRDA:186,9,1,0
BRDA:215,10,0,0
BRDA:215,10,1,0
BRDA:238,11,0,0
BRDA:238,11,1,0
BRDA:267,12,0,7
BRDA:267,12,1,0
BRDA:286,13,0,7
BRDA:286,13,1,0
BRDA:287,14,0,7
BRDA:287,14,1,0
BRDA:337,15,0,0
BRDA:337,15,1,0
BRDA:338,16,0,0
BRDA:338,16,1,0
BRDA:378,17,0,0
BRDA:378,17,1,7
BRDA:382,18,0,0
BRDA:382,18,1,0
BRF:36
BRH:5
end_of_record
TN:
SF:/home/kiwi/Work/Waifusion/uwucrew/contracts/tokens/ERC721Enumerable.sol
FN:29,supportsInterface
FN:36,tokenOfOwnerByIndex
FN:44,totalSupply
FN:51,tokenByIndex
FN:71,_beforeTokenTransfer
FN:95,_addTokenToOwnerEnumeration
FN:105,_addTokenToAllTokensEnumeration
FN:118,_removeTokenFromOwnerEnumeration
FN:143,_removeTokenFromAllTokensEnumeration
FNF:9
FNH:4
FNDA:0,supportsInterface
FNDA:0,tokenOfOwnerByIndex
FNDA:3,totalSupply
FNDA:0,tokenByIndex
FNDA:7,_beforeTokenTransfer
FNDA:7,_addTokenToOwnerEnumeration
FNDA:7,_addTokenToAllTokensEnumeration
FNDA:0,_removeTokenFromOwnerEnumeration
FNDA:0,_removeTokenFromAllTokensEnumeration
DA:30,0
DA:37,0
DA:38,0
DA:45,3
DA:52,0
DA:53,0
DA:76,7
DA:78,7
DA:79,7
DA:81,0
DA:83,7
DA:84,0
DA:86,7
DA:96,7
DA:97,7
DA:98,7
DA:106,7
DA:107,7
DA:122,0
DA:123,0
DA:126,0
DA:127,0
DA:129,0
DA:130,0
DA:134,0
DA:135,0
DA:147,0
DA:148,0
DA:153,0
DA:155,0
DA:156,0
DA:159,0
DA:160,0
LF:33
LH:11
BRDA:37,1,0,0
BRDA:37,1,1,0
BRDA:52,2,0,0
BRDA:52,2,1,0
BRDA:78,3,0,7
BRDA:78,3,1,0
BRDA:80,4,0,0
BRDA:80,4,1,0
BRDA:83,5,0,0
BRDA:83,5,1,7
BRDA:85,6,0,7
BRDA:85,6,1,0
BRDA:126,7,0,0
BRDA:126,7,1,0
BRF:14
BRH:3
end_of_record
TN:
SF:/home/kiwi/Work/Waifusion/uwucrew/contracts/tokens/ERC721Holder.sol
FN:19,onERC721Received
FNF:1
FNH:0
FNDA:0,onERC721Received
DA:25,0
LF:1
LH:0
BRF:0
BRH:0
end_of_record
TN:
SF:/home/kiwi/Work/Waifusion/uwucrew/contracts/tokens/IERC20.sol
FNF:0
FNH:0
LF:0
LH:0
BRF:0
BRH:0
end_of_record
TN:
SF:/home/kiwi/Work/Waifusion/uwucrew/contracts/tokens/IERC721.sol
FNF:0
FNH:0
LF:0
LH:0
BRF:0
BRH:0
end_of_record
TN:
SF:/home/kiwi/Work/Waifusion/uwucrew/contracts/tokens/IERC721Enumerable.sol
FNF:0
FNH:0
LF:0
LH:0
BRF:0
BRH:0
end_of_record
TN:
SF:/home/kiwi/Work/Waifusion/uwucrew/contracts/tokens/IERC721Metadata.sol
FNF:0
FNH:0
LF:0
LH:0
BRF:0
BRH:0
end_of_record
TN:
SF:/home/kiwi/Work/Waifusion/uwucrew/contracts/tokens/IERC721Receiver.sol
FNF:0
FNH:0
LF:0
LH:0
BRF:0
BRH:0
end_of_record
TN:
SF:/home/kiwi/Work/Waifusion/uwucrew/contracts/utils/Address.sol
FN:26,isContract
FN:53,sendValue
FN:79,functionCall
FN:89,functionCall
FN:104,functionCallWithValue
FN:114,functionCallWithValue
FN:129,functionStaticCall
FN:139,functionStaticCall
FN:153,functionDelegateCall
FN:163,functionDelegateCall
FN:171,_verifyCallResult
FNF:11
FNH:1
FNDA:7,isContract
FNDA:0,sendValue
FNDA:0,functionCall
FNDA:0,functionCall
FNDA:0,functionCallWithValue
FNDA:0,functionCallWithValue
FNDA:0,functionStaticCall
FNDA:0,functionStaticCall
FNDA:0,functionDelegateCall
FNDA:0,functionDelegateCall
FNDA:0,_verifyCallResult
DA:31,7
DA:33,7
DA:34,7
DA:54,0
DA:57,0
DA:58,0
DA:80,0
DA:90,0
DA:105,0
DA:115,0
DA:116,0
DA:119,0
DA:120,0
DA:130,0
DA:140,0
DA:143,0
DA:144,0
DA:154,0
DA:164,0
DA:167,0
DA:168,0
DA:172,0
DA:173,0
DA:176,0
DA:180,0
DA:185,0
LF:26
LH:3
BRDA:54,1,0,0
BRDA:54,1,1,0
BRDA:58,2,0,0
BRDA:58,2,1,0
BRDA:115,3,0,0
BRDA:115,3,1,0
BRDA:116,4,0,0
BRDA:116,4,1,0
BRDA:140,5,0,0
BRDA:140,5,1,0
BRDA:164,6,0,0
BRDA:164,6,1,0
BRDA:172,7,0,0
BRDA:172,7,1,0
BRDA:176,8,0,0
BRDA:176,8,1,0
BRF:16
BRH:0
end_of_record
TN:
SF:/home/kiwi/Work/Waifusion/uwucrew/contracts/utils/Context.sol
FN:16,_msgSender
FN:20,_msgData
FNF:2
FNH:1
FNDA:15,_msgSender
FNDA:0,_msgData
DA:17,15
DA:21,0
DA:22,0
LF:3
LH:1
BRF:0
BRH:0
end_of_record
TN:
SF:/home/kiwi/Work/Waifusion/uwucrew/contracts/utils/introspection/ERC165.sol
FN:25,supportsInterface
FNF:1
FNH:0
FNDA:0,supportsInterface
DA:26,0
LF:1
LH:0
BRF:0
BRH:0
end_of_record
TN:
SF:/home/kiwi/Work/Waifusion/uwucrew/contracts/utils/introspection/IERC165.sol
FNF:0
FNH:0
LF:0
LH:0
BRF:0
BRH:0
end_of_record
TN:
SF:/home/kiwi/Work/Waifusion/uwucrew/contracts/utils/Ownable.sol
FN:27,constructor
FN:36,owner
FN:43,onlyOwner
FN:55,renounceOwnership
FN:64,transferOwnership
FNF:5
FNH:3
FNDA:6,constructor
FNDA:13,owner
FNDA:9,onlyOwner
FNDA:0,renounceOwnership
FNDA:0,transferOwnership
DA:28,6
DA:29,6
DA:30,6
DA:37,13
DA:44,9
DA:45,5
DA:56,0
DA:57,0
DA:65,0
DA:66,0
DA:67,0
LF:11
LH:6
BRDA:44,1,0,5
BRDA:44,1,1,4
BRDA:65,2,0,0
BRDA:65,2,1,0
BRF:4
BRH:2
end_of_record
TN:
SF:/home/kiwi/Work/Waifusion/uwucrew/contracts/utils/ReentrancyGuard.sol
FN:38,constructor
FN:49,nonReentrant
FNF:2
FNH:2
FNDA:3,constructor
FNDA:6,nonReentrant
DA:39,3
DA:51,6
DA:54,6
DA:56,6
DA:60,3
LF:5
LH:5
BRDA:51,1,0,6
BRDA:51,1,1,0
BRF:2
BRH:1
end_of_record
TN:
SF:/home/kiwi/Work/Waifusion/uwucrew/contracts/utils/Strings.sol
FN:14,toString
FN:39,toHexString
FN:55,toHexString
FNF:3
FNH:0
FNDA:0,toString
FNDA:0,toHexString
FNDA:0,toHexString
DA:18,0
DA:19,0
DA:21,0
DA:22,0
DA:23,0
DA:24,0
DA:25,0
DA:27,0
DA:28,0
DA:29,0
DA:30,0
DA:31,0
DA:33,0
DA:40,0
DA:41,0
DA:43,0
DA:44,0
DA:45,0
DA:46,0
DA:47,0
DA:49,0
DA:56,0
DA:57,0
DA:58,0
DA:59,0
DA:60,0
DA:61,0
DA:63,0
DA:64,0
LF:29
LH:0
BRDA:18,1,0,0
BRDA:18,1,1,0
BRDA:40,2,0,0
BRDA:40,2,1,0
BRDA:63,3,0,0
BRDA:63,3,1,0
BRF:6
BRH:0
end_of_record
TN:
SF:/home/kiwi/Work/Waifusion/uwucrew/contracts/uwucrew.sol
FN:25,constructor
FN:29,mint
FN:34,prepareSale
FN:42,reserveUWUS
FN:52,setProvenanceHash
FN:56,setBaseURI
FN:60,_safeMint
FN:65,_baseURI
FNF:8
FNH:4
FNDA:3,constructor
FNDA:7,mint
FNDA:1,prepareSale
FNDA:0,reserveUWUS
FNDA:0,setProvenanceHash
FNDA:0,setBaseURI
FNDA:7,_safeMint
FNDA:0,_baseURI
DA:26,3
DA:30,7
DA:31,7
DA:35,1
DA:36,1
DA:43,0
DA:44,0
DA:45,0
DA:53,0
DA:57,0
DA:61,7
DA:62,7
DA:66,0
LF:13
LH:7
BRDA:30,1,0,7
BRDA:30,1,1,0
BRDA:35,2,0,1
BRDA:35,2,1,0
BRDA:61,3,0,7
BRDA:61,3,1,0
BRF:6
BRH:3
end_of_record
TN:
SF:/home/kiwi/Work/Waifusion/uwucrew/contracts/uwucrewWaveLockMintSale.sol
FN:37,constructor
FN:47,swapWFforUWU
FN:61,swapAndMint
FN:66,closeSwapToSale
FN:72,closeSwapToOwner
FN:78,addExtraToSale
FN:86,buy
FN:117,mint
FN:121,forceMint
FN:125,_mint
FN:138,refreshWave
FN:146,currentMaxPerTX
FN:150,maxPerTX
FNF:13
FNH:11
FNDA:3,constructor
FNDA:0,swapWFforUWU
FNDA:0,swapAndMint
FNDA:1,closeSwapToSale
FNDA:1,closeSwapToOwner
FNDA:1,addExtraToSale
FNDA:6,buy
FNDA:4,mint
FNDA:1,forceMint
FNDA:5,_mint
FNDA:6,refreshWave
FNDA:1,currentMaxPerTX
FNDA:5,maxPerTX
DA:38,3
DA:39,3
DA:40,3
DA:41,3
DA:42,3
DA:44,3
DA:48,0
DA:49,0
DA:50,0
DA:51,0
DA:52,0
DA:54,0
DA:57,0
DA:58,0
DA:62,0
DA:63,0
DA:67,1
DA:68,1
DA:69,1
DA:73,1
DA:74,1
DA:75,1
DA:79,1
DA:80,1
DA:87,6
DA:88,5
DA:89,5
DA:91,5
DA:93,5
DA:94,4
DA:95,3
DA:98,3
DA:99,3
DA:100,1
DA:101,1
DA:102,1
DA:106,3
DA:107,3
DA:109,3
DA:111,3
DA:112,1
DA:113,1
DA:118,4
DA:122,1
DA:126,5
DA:127,5
DA:128,3
DA:129,3
DA:132,3
DA:133,3
DA:134,7
DA:139,6
DA:140,6
DA:141,6
DA:142,4
DA:147,1
DA:151,5
DA:152,1
DA:154,1
DA:156,2
DA:158,1
LF:61
LH:51
BRDA:39,1,0,3
BRDA:39,1,1,0
BRDA:49,2,0,0
BRDA:49,2,1,0
BRDA:50,3,0,0
BRDA:50,3,1,0
BRDA:87,4,0,5
BRDA:87,4,1,1
BRDA:88,5,0,5
BRDA:88,5,1,0
BRDA:89,6,0,5
BRDA:89,6,1,0
BRDA:93,7,0,4
BRDA:93,7,1,1
BRDA:94,8,0,3
BRDA:94,8,1,1
BRDA:95,9,0,3
BRDA:95,9,1,0
BRDA:99,10,0,1
BRDA:99,10,1,2
BRDA:111,11,0,1
BRDA:111,11,1,2
BRDA:113,12,0,1
BRDA:113,12,1,0
BRDA:126,13,0,5
BRDA:126,13,1,0
BRDA:127,14,0,3
BRDA:127,14,1,2
BRDA:128,15,0,3
BRDA:128,15,1,0
BRDA:141,16,0,4
BRDA:141,16,1,2
BRDA:151,17,0,1
BRDA:151,17,1,4
BRDA:153,18,0,1
BRDA:153,18,1,3
BRDA:155,19,0,2
BRDA:155,19,1,1
BRF:38
BRH:27
end_of_record
TN:
SF:/home/kiwi/Work/Waifusion/uwucrew/contracts/WaveLockMintSale.sol
FN:27,constructor
FN:32,loadSale
FN:37,buy
FN:67,mint
FN:79,refreshWave
FN:87,maxPerTX
FNF:6
FNH:0
FNDA:0,constructor
FNDA:0,loadSale
FNDA:0,buy
FNDA:0,mint
FNDA:0,refreshWave
FNDA:0,maxPerTX
DA:28,0
DA:29,0
DA:33,0
DA:34,0
DA:38,0
DA:39,0
DA:40,0
DA:42,0
DA:44,0
DA:45,0
DA:48,0
DA:49,0
DA:50,0
DA:51,0
DA:52,0
DA:56,0
DA:57,0
DA:59,0
DA:61,0
DA:62,0
DA:63,0
DA:68,0
DA:69,0
DA:70,0
DA:73,0
DA:74,0
DA:75,0
DA:80,0
DA:81,0
DA:82,0
DA:83,0
DA:88,0
DA:89,0
DA:91,0
DA:93,0
DA:95,0
LF:36
LH:0
BRDA:33,1,0,0
BRDA:33,1,1,0
BRDA:38,2,0,0
BRDA:38,2,1,0
BRDA:39,3,0,0
BRDA:39,3,1,0
BRDA:40,4,0,0
BRDA:40,4,1,0
BRDA:44,5,0,0
BRDA:44,5,1,0
BRDA:45,6,0,0
BRDA:45,6,1,0
BRDA:49,7,0,0
BRDA:49,7,1,0
BRDA:61,8,0,0
BRDA:61,8,1,0
BRDA:63,9,0,0
BRDA:63,9,1,0
BRDA:68,10,0,0
BRDA:68,10,1,0
BRDA:69,11,0,0
BRDA:69,11,1,0
BRDA:82,12,0,0
BRDA:82,12,1,0
BRDA:88,13,0,0
BRDA:88,13,1,0
BRDA:90,14,0,0
BRDA:90,14,1,0
BRDA:92,15,0,0
BRDA:92,15,1,0
BRF:30
BRH:0
end_of_record
