TN:
SF:/home/kiwi/Work/Waifusion/uwucrew/contracts/access/Ownable.sol
FN:26,constructor
FN:35,owner
FN:42,onlyOwner
FN:54,renounceOwnership
FN:63,transferOwnership
FNF:5
FNH:0
FNDA:0,constructor
FNDA:0,owner
FNDA:0,onlyOwner
FNDA:0,renounceOwnership
FNDA:0,transferOwnership
DA:27,0
DA:28,0
DA:29,0
DA:36,0
DA:43,0
DA:44,0
DA:55,0
DA:56,0
DA:64,0
DA:65,0
DA:66,0
LF:11
LH:0
BRDA:43,1,0,0
BRDA:43,1,1,0
BRDA:64,2,0,0
BRDA:64,2,1,0
BRF:4
BRH:0
end_of_record
TN:
SF:/home/kiwi/Work/Waifusion/uwucrew/contracts/extensions/IERC721Metadata.sol
FNF:0
FNH:0
LF:0
LH:0
BRF:0
BRH:0
end_of_record
TN:
SF:/home/kiwi/Work/Waifusion/uwucrew/contracts/PlainNFTMintDistro.sol
FN:18,constructor
FN:21,mint
FN:27,prepareSale
FNF:3
FNH:0
FNDA:0,constructor
FNDA:0,mint
FNDA:0,prepareSale
DA:22,0
DA:23,0
DA:24,0
DA:28,0
DA:29,0
DA:30,0
LF:6
LH:0
BRDA:22,1,0,0
BRDA:22,1,1,0
BRDA:23,2,0,0
BRDA:23,2,1,0
BRDA:28,3,0,0
BRDA:28,3,1,0
BRF:6
BRH:0
end_of_record
TN:
SF:/home/kiwi/Work/Waifusion/uwucrew/contracts/tokens/ERC721.sol
FN:46,constructor
FN:54,supportsInterface
FN:64,balanceOf
FN:72,ownerOf
FN:81,name
FN:88,symbol
FN:95,tokenURI
FN:107,_baseURI
FN:114,approve
FN:129,getApproved
FN:138,setApprovalForAll
FN:148,isApprovedForAll
FN:155,transferFrom
FN:169,safeTransferFrom
FN:180,safeTransferFrom
FN:208,_safeTransfer
FN:226,_exists
FN:237,_isApprovedOrOwner
FN:253,_safeMint
FN:261,_safeMint
FN:285,_mint
FN:307,_burn
FN:332,_transfer
FN:357,_approve
FN:372,_checkOnERC721Received
FN:409,_beforeTokenTransfer
FNF:26
FNH:0
FNDA:0,constructor
FNDA:0,supportsInterface
FNDA:0,balanceOf
FNDA:0,ownerOf
FNDA:0,name
FNDA:0,symbol
FNDA:0,tokenURI
FNDA:0,_baseURI
FNDA:0,approve
FNDA:0,getApproved
FNDA:0,setApprovalForAll
FNDA:0,isApprovedForAll
FNDA:0,transferFrom
FNDA:0,safeTransferFrom
FNDA:0,safeTransferFrom
FNDA:0,_safeTransfer
FNDA:0,_exists
FNDA:0,_isApprovedOrOwner
FNDA:0,_safeMint
FNDA:0,_safeMint
FNDA:0,_mint
FNDA:0,_burn
FNDA:0,_transfer
FNDA:0,_approve
FNDA:0,_checkOnERC721Received
FNDA:0,_beforeTokenTransfer
DA:47,0
DA:48,0
DA:55,0
DA:65,0
DA:66,0
DA:73,0
DA:74,0
DA:75,0
DA:82,0
DA:89,0
DA:96,0
DA:98,0
DA:99,0
DA:108,0
DA:115,0
DA:116,0
DA:118,0
DA:123,0
DA:130,0
DA:132,0
DA:139,0
DA:141,0
DA:142,0
DA:149,0
DA:161,0
DA:163,0
DA:174,0
DA:186,0
DA:187,0
DA:214,0
DA:215,0
DA:227,0
DA:238,0
DA:239,0
DA:240,0
DA:254,0
DA:266,0
DA:267,0
DA:286,0
DA:287,0
DA:289,0
DA:291,0
DA:292,0
DA:294,0
DA:308,0
DA:310,0
DA:313,0
DA:315,0
DA:316,0
DA:318,0
DA:337,0
DA:338,0
DA:340,0
DA:343,0
DA:345,0
DA:346,0
DA:347,0
DA:349,0
DA:358,0
DA:359,0
DA:378,0
DA:379,0
DA:380,0
DA:382,0
DA:383,0
DA:385,0
DA:391,0
LF:67
LH:0
BRDA:65,1,0,0
BRDA:65,1,1,0
BRDA:74,2,0,0
BRDA:74,2,1,0
BRDA:96,3,0,0
BRDA:96,3,1,0
BRDA:116,4,0,0
BRDA:116,4,1,0
BRDA:118,5,0,0
BRDA:118,5,1,0
BRDA:130,6,0,0
BRDA:130,6,1,0
BRDA:139,7,0,0
BRDA:139,7,1,0
BRDA:161,8,0,0
BRDA:161,8,1,0
BRDA:186,9,0,0
BRDA:186,9,1,0
BRDA:215,10,0,0
BRDA:215,10,1,0
BRDA:238,11,0,0
BRDA:238,11,1,0
BRDA:267,12,0,0
BRDA:267,12,1,0
BRDA:286,13,0,0
BRDA:286,13,1,0
BRDA:287,14,0,0
BRDA:287,14,1,0
BRDA:337,15,0,0
BRDA:337,15,1,0
BRDA:338,16,0,0
BRDA:338,16,1,0
BRDA:378,17,0,0
BRDA:378,17,1,0
BRDA:382,18,0,0
BRDA:382,18,1,0
BRF:36
BRH:0
end_of_record
TN:
SF:/home/kiwi/Work/Waifusion/uwucrew/contracts/tokens/ERC721Enumerable.sol
FN:29,supportsInterface
FN:36,tokenOfOwnerByIndex
FN:44,totalSupply
FN:51,tokenByIndex
FN:71,_beforeTokenTransfer
FN:95,_addTokenToOwnerEnumeration
FN:105,_addTokenToAllTokensEnumeration
FN:118,_removeTokenFromOwnerEnumeration
FN:143,_removeTokenFromAllTokensEnumeration
FNF:9
FNH:0
FNDA:0,supportsInterface
FNDA:0,tokenOfOwnerByIndex
FNDA:0,totalSupply
FNDA:0,tokenByIndex
FNDA:0,_beforeTokenTransfer
FNDA:0,_addTokenToOwnerEnumeration
FNDA:0,_addTokenToAllTokensEnumeration
FNDA:0,_removeTokenFromOwnerEnumeration
FNDA:0,_removeTokenFromAllTokensEnumeration
DA:30,0
DA:37,0
DA:38,0
DA:45,0
DA:52,0
DA:53,0
DA:76,0
DA:78,0
DA:79,0
DA:81,0
DA:83,0
DA:84,0
DA:86,0
DA:96,0
DA:97,0
DA:98,0
DA:106,0
DA:107,0
DA:122,0
DA:123,0
DA:126,0
DA:127,0
DA:129,0
DA:130,0
DA:134,0
DA:135,0
DA:147,0
DA:148,0
DA:153,0
DA:155,0
DA:156,0
DA:159,0
DA:160,0
LF:33
LH:0
BRDA:37,1,0,0
BRDA:37,1,1,0
BRDA:52,2,0,0
BRDA:52,2,1,0
BRDA:78,3,0,0
BRDA:78,3,1,0
BRDA:80,4,0,0
BRDA:80,4,1,0
BRDA:83,5,0,0
BRDA:83,5,1,0
BRDA:85,6,0,0
BRDA:85,6,1,0
BRDA:126,7,0,0
BRDA:126,7,1,0
BRF:14
BRH:0
end_of_record
TN:
SF:/home/kiwi/Work/Waifusion/uwucrew/contracts/tokens/ERC721Holder.sol
FN:19,onERC721Received
FNF:1
FNH:0
FNDA:0,onERC721Received
DA:25,0
LF:1
LH:0
BRF:0
BRH:0
end_of_record
TN:
SF:/home/kiwi/Work/Waifusion/uwucrew/contracts/tokens/IERC20.sol
FNF:0
FNH:0
LF:0
LH:0
BRF:0
BRH:0
end_of_record
TN:
SF:/home/kiwi/Work/Waifusion/uwucrew/contracts/tokens/IERC721.sol
FNF:0
FNH:0
LF:0
LH:0
BRF:0
BRH:0
end_of_record
TN:
SF:/home/kiwi/Work/Waifusion/uwucrew/contracts/tokens/IERC721Enumerable.sol
FNF:0
FNH:0
LF:0
LH:0
BRF:0
BRH:0
end_of_record
TN:
SF:/home/kiwi/Work/Waifusion/uwucrew/contracts/tokens/IERC721Metadata.sol
FNF:0
FNH:0
LF:0
LH:0
BRF:0
BRH:0
end_of_record
TN:
SF:/home/kiwi/Work/Waifusion/uwucrew/contracts/tokens/IERC721Receiver.sol
FNF:0
FNH:0
LF:0
LH:0
BRF:0
BRH:0
end_of_record
TN:
SF:/home/kiwi/Work/Waifusion/uwucrew/contracts/utils/Address.sol
FN:26,isContract
FN:53,sendValue
FN:79,functionCall
FN:89,functionCall
FN:104,functionCallWithValue
FN:114,functionCallWithValue
FN:129,functionStaticCall
FN:139,functionStaticCall
FN:153,functionDelegateCall
FN:163,functionDelegateCall
FN:171,_verifyCallResult
FNF:11
FNH:0
FNDA:0,isContract
FNDA:0,sendValue
FNDA:0,functionCall
FNDA:0,functionCall
FNDA:0,functionCallWithValue
FNDA:0,functionCallWithValue
FNDA:0,functionStaticCall
FNDA:0,functionStaticCall
FNDA:0,functionDelegateCall
FNDA:0,functionDelegateCall
FNDA:0,_verifyCallResult
DA:31,0
DA:33,0
DA:34,0
DA:54,0
DA:57,0
DA:58,0
DA:80,0
DA:90,0
DA:105,0
DA:115,0
DA:116,0
DA:119,0
DA:120,0
DA:130,0
DA:140,0
DA:143,0
DA:144,0
DA:154,0
DA:164,0
DA:167,0
DA:168,0
DA:172,0
DA:173,0
DA:176,0
DA:180,0
DA:185,0
LF:26
LH:0
BRDA:54,1,0,0
BRDA:54,1,1,0
BRDA:58,2,0,0
BRDA:58,2,1,0
BRDA:115,3,0,0
BRDA:115,3,1,0
BRDA:116,4,0,0
BRDA:116,4,1,0
BRDA:140,5,0,0
BRDA:140,5,1,0
BRDA:164,6,0,0
BRDA:164,6,1,0
BRDA:172,7,0,0
BRDA:172,7,1,0
BRDA:176,8,0,0
BRDA:176,8,1,0
BRF:16
BRH:0
end_of_record
TN:
SF:/home/kiwi/Work/Waifusion/uwucrew/contracts/utils/Context.sol
FN:16,_msgSender
FN:20,_msgData
FNF:2
FNH:0
FNDA:0,_msgSender
FNDA:0,_msgData
DA:17,0
DA:21,0
DA:22,0
LF:3
LH:0
BRF:0
BRH:0
end_of_record
TN:
SF:/home/kiwi/Work/Waifusion/uwucrew/contracts/utils/introspection/ERC165.sol
FN:25,supportsInterface
FNF:1
FNH:0
FNDA:0,supportsInterface
DA:26,0
LF:1
LH:0
BRF:0
BRH:0
end_of_record
TN:
SF:/home/kiwi/Work/Waifusion/uwucrew/contracts/utils/introspection/IERC165.sol
FNF:0
FNH:0
LF:0
LH:0
BRF:0
BRH:0
end_of_record
TN:
SF:/home/kiwi/Work/Waifusion/uwucrew/contracts/utils/Ownable.sol
FN:27,constructor
FN:36,owner
FN:43,onlyOwner
FN:55,renounceOwnership
FN:64,transferOwnership
FNF:5
FNH:0
FNDA:0,constructor
FNDA:0,owner
FNDA:0,onlyOwner
FNDA:0,renounceOwnership
FNDA:0,transferOwnership
DA:28,0
DA:29,0
DA:30,0
DA:37,0
DA:44,0
DA:45,0
DA:56,0
DA:57,0
DA:65,0
DA:66,0
DA:67,0
LF:11
LH:0
BRDA:44,1,0,0
BRDA:44,1,1,0
BRDA:65,2,0,0
BRDA:65,2,1,0
BRF:4
BRH:0
end_of_record
TN:
SF:/home/kiwi/Work/Waifusion/uwucrew/contracts/utils/ReentrancyGuard.sol
FN:38,constructor
FN:49,nonReentrant
FNF:2
FNH:0
FNDA:0,constructor
FNDA:0,nonReentrant
DA:39,0
DA:51,0
DA:54,0
DA:56,0
DA:60,0
LF:5
LH:0
BRDA:51,1,0,0
BRDA:51,1,1,0
BRF:2
BRH:0
end_of_record
TN:
SF:/home/kiwi/Work/Waifusion/uwucrew/contracts/utils/Strings.sol
FN:14,toString
FN:39,toHexString
FN:55,toHexString
FNF:3
FNH:0
FNDA:0,toString
FNDA:0,toHexString
FNDA:0,toHexString
DA:18,0
DA:19,0
DA:21,0
DA:22,0
DA:23,0
DA:24,0
DA:25,0
DA:27,0
DA:28,0
DA:29,0
DA:30,0
DA:31,0
DA:33,0
DA:40,0
DA:41,0
DA:43,0
DA:44,0
DA:45,0
DA:46,0
DA:47,0
DA:49,0
DA:56,0
DA:57,0
DA:58,0
DA:59,0
DA:60,0
DA:61,0
DA:63,0
DA:64,0
LF:29
LH:0
BRDA:18,1,0,0
BRDA:18,1,1,0
BRDA:40,2,0,0
BRDA:40,2,1,0
BRDA:63,3,0,0
BRDA:63,3,1,0
BRF:6
BRH:0
end_of_record
TN:
SF:/home/kiwi/Work/Waifusion/uwucrew/contracts/uwucrew.sol
FN:23,constructor
FN:27,mint
FN:32,prepareSale
FN:37,setExtraContract
FN:45,reserveUWUS
FN:55,setProvenanceHash
FN:59,setBaseURI
FN:63,_safeMint
FN:68,_baseURI
FNF:9
FNH:0
FNDA:0,constructor
FNDA:0,mint
FNDA:0,prepareSale
FNDA:0,setExtraContract
FNDA:0,reserveUWUS
FNDA:0,setProvenanceHash
FNDA:0,setBaseURI
FNDA:0,_safeMint
FNDA:0,_baseURI
DA:24,0
DA:28,0
DA:29,0
DA:33,0
DA:34,0
DA:38,0
DA:39,0
DA:46,0
DA:47,0
DA:48,0
DA:56,0
DA:60,0
DA:64,0
DA:65,0
DA:69,0
LF:15
LH:0
BRDA:28,1,0,0
BRDA:28,1,1,0
BRDA:33,2,0,0
BRDA:33,2,1,0
BRDA:38,3,0,0
BRDA:38,3,1,0
BRDA:64,4,0,0
BRDA:64,4,1,0
BRF:8
BRH:0
end_of_record
TN:
SF:/home/kiwi/Work/Waifusion/uwucrew/contracts/uwucrewWaveLockMintSale.sol
FN:38,constructor
FN:48,swapWFforUWU
FN:62,swapAndMint
FN:67,closeSwapToSale
FN:73,closeSwapToOwner
FN:79,addExtraToSale
FN:87,buy
FN:118,mint
FN:122,forceMint
FN:126,_mint
FN:139,currentMaxPerTX
FN:143,refreshWave
FN:155,maxPerTX
FNF:13
FNH:0
FNDA:0,constructor
FNDA:0,swapWFforUWU
FNDA:0,swapAndMint
FNDA:0,closeSwapToSale
FNDA:0,closeSwapToOwner
FNDA:0,addExtraToSale
FNDA:0,buy
FNDA:0,mint
FNDA:0,forceMint
FNDA:0,_mint
FNDA:0,currentMaxPerTX
FNDA:0,refreshWave
FNDA:0,maxPerTX
DA:39,0
DA:40,0
DA:41,0
DA:42,0
DA:43,0
DA:45,0
DA:49,0
DA:50,0
DA:51,0
DA:52,0
DA:53,0
DA:55,0
DA:58,0
DA:59,0
DA:63,0
DA:64,0
DA:68,0
DA:69,0
DA:70,0
DA:74,0
DA:75,0
DA:76,0
DA:80,0
DA:81,0
DA:88,0
DA:89,0
DA:90,0
DA:92,0
DA:94,0
DA:95,0
DA:96,0
DA:99,0
DA:100,0
DA:101,0
DA:102,0
DA:103,0
DA:107,0
DA:108,0
DA:110,0
DA:112,0
DA:113,0
DA:114,0
DA:119,0
DA:123,0
DA:127,0
DA:128,0
DA:129,0
DA:130,0
DA:133,0
DA:134,0
DA:135,0
DA:140,0
DA:144,0
DA:145,0
DA:148,0
DA:149,0
DA:150,0
DA:151,0
DA:156,0
DA:157,0
DA:159,0
DA:161,0
DA:163,0
LF:63
LH:0
BRDA:40,1,0,0
BRDA:40,1,1,0
BRDA:50,2,0,0
BRDA:50,2,1,0
BRDA:51,3,0,0
BRDA:51,3,1,0
BRDA:88,4,0,0
BRDA:88,4,1,0
BRDA:89,5,0,0
BRDA:89,5,1,0
BRDA:90,6,0,0
BRDA:90,6,1,0
BRDA:94,7,0,0
BRDA:94,7,1,0
BRDA:95,8,0,0
BRDA:95,8,1,0
BRDA:96,9,0,0
BRDA:96,9,1,0
BRDA:100,10,0,0
BRDA:100,10,1,0
BRDA:112,11,0,0
BRDA:112,11,1,0
BRDA:114,12,0,0
BRDA:114,12,1,0
BRDA:127,13,0,0
BRDA:127,13,1,0
BRDA:128,14,0,0
BRDA:128,14,1,0
BRDA:129,15,0,0
BRDA:129,15,1,0
BRDA:144,16,0,0
BRDA:144,16,1,0
BRDA:150,17,0,0
BRDA:150,17,1,0
BRDA:156,18,0,0
BRDA:156,18,1,0
BRDA:158,19,0,0
BRDA:158,19,1,0
BRDA:160,20,0,0
BRDA:160,20,1,0
BRF:40
BRH:0
end_of_record
TN:
SF:/home/kiwi/Work/Waifusion/uwucrew/contracts/WaveLockMintSale.sol
FN:27,constructor
FN:32,loadSale
FN:37,buy
FN:67,mint
FN:79,refreshWave
FN:87,maxPerTX
FNF:6
FNH:0
FNDA:0,constructor
FNDA:0,loadSale
FNDA:0,buy
FNDA:0,mint
FNDA:0,refreshWave
FNDA:0,maxPerTX
DA:28,0
DA:29,0
DA:33,0
DA:34,0
DA:38,0
DA:39,0
DA:40,0
DA:42,0
DA:44,0
DA:45,0
DA:48,0
DA:49,0
DA:50,0
DA:51,0
DA:52,0
DA:56,0
DA:57,0
DA:59,0
DA:61,0
DA:62,0
DA:63,0
DA:68,0
DA:69,0
DA:70,0
DA:73,0
DA:74,0
DA:75,0
DA:80,0
DA:81,0
DA:82,0
DA:83,0
DA:88,0
DA:89,0
DA:91,0
DA:93,0
DA:95,0
LF:36
LH:0
BRDA:33,1,0,0
BRDA:33,1,1,0
BRDA:38,2,0,0
BRDA:38,2,1,0
BRDA:39,3,0,0
BRDA:39,3,1,0
BRDA:40,4,0,0
BRDA:40,4,1,0
BRDA:44,5,0,0
BRDA:44,5,1,0
BRDA:45,6,0,0
BRDA:45,6,1,0
BRDA:49,7,0,0
BRDA:49,7,1,0
BRDA:61,8,0,0
BRDA:61,8,1,0
BRDA:63,9,0,0
BRDA:63,9,1,0
BRDA:68,10,0,0
BRDA:68,10,1,0
BRDA:69,11,0,0
BRDA:69,11,1,0
BRDA:82,12,0,0
BRDA:82,12,1,0
BRDA:88,13,0,0
BRDA:88,13,1,0
BRDA:90,14,0,0
BRDA:90,14,1,0
BRDA:92,15,0,0
BRDA:92,15,1,0
BRF:30
BRH:0
end_of_record
